Using pre-set license
Built from '2020.3/staging' branch; Version is '2020.3.4f1 (0abb6314276a) revision 703331'; Using compiler version '192528614'; Build Type 'Release'
OS: 'Windows 10 Pro; OS build 18363.1556; Version 1909; 64bit' Language: 'tr' Physical Memory: 32622 MB
BatchMode: 1, IsHumanControllingUs: 0, StartBugReporterOnCrash: 0, Is64bit: 1, IsPro: 0

 COMMAND LINE ARGUMENTS:
C:\Users\musta\Desktop\OyunProgramiEtkinligi\2020.3.4f1\Editor\Unity.exe
-adb2
-batchMode
-noUpm
-name
AssetImportWorker0
-projectPath
C:/Users/musta/Desktop/sourcetreeunity/SourceTree
-logFile
Logs/AssetImportWorker0.log
-srvPort
64020
Successfully changed project path to: C:/Users/musta/Desktop/sourcetreeunity/SourceTree
C:/Users/musta/Desktop/sourcetreeunity/SourceTree
Using Asset Import Pipeline V2.
Refreshing native plugins compatible for Editor in 22.62 ms, found 0 plugins.
Preloading 0 native plugins for Editor in 0.00 ms.
Initialize engine version: 2020.3.4f1 (0abb6314276a)
[Subsystems] Discovering subsystems at path C:/Users/musta/Desktop/OyunProgramiEtkinligi/2020.3.4f1/Editor/Data/Resources/UnitySubsystems
[Subsystems] Discovering subsystems at path C:/Users/musta/Desktop/sourcetreeunity/SourceTree/Assets
GfxDevice: creating device client; threaded=0
Direct3D:
    Version:  Direct3D 11.0 [level 11.1]
    Renderer: NVIDIA GeForce RTX 2060 (ID=0x1f11)
    Vendor:   
    VRAM:     5980 MB
    Driver:   27.21.14.6156
Initialize mono
Mono path[0] = 'C:/Users/musta/Desktop/OyunProgramiEtkinligi/2020.3.4f1/Editor/Data/Managed'
Mono path[1] = 'C:/Users/musta/Desktop/OyunProgramiEtkinligi/2020.3.4f1/Editor/Data/MonoBleedingEdge/lib/mono/unityjit'
Mono config path = 'C:/Users/musta/Desktop/OyunProgramiEtkinligi/2020.3.4f1/Editor/Data/MonoBleedingEdge/etc'
Using monoOptions --debugger-agent=transport=dt_socket,embedding=1,server=y,suspend=n,address=127.0.0.1:56740
Begin MonoManager ReloadAssembly
Registering precompiled unity dll's ...
Register platform support module: C:/Users/musta/Desktop/OyunProgramiEtkinligi/2020.3.4f1/Editor/Data/PlaybackEngines/WindowsStandaloneSupport/UnityEditor.WindowsStandalone.Extensions.dll
Registered in 0.001945 seconds.
Native extension for WindowsStandalone target not found
Refreshing native plugins compatible for Editor in 22.36 ms, found 0 plugins.
Preloading 0 native plugins for Editor in 0.00 ms.
Mono: successfully reloaded assembly
- Completed reload, in  1.253 seconds
Platform modules already initialized, skipping
Registering precompiled user dll's ...
Registered in 0.000678 seconds.
Begin MonoManager ReloadAssembly
Native extension for WindowsStandalone target not found
Refreshing native plugins compatible for Editor in 0.19 ms, found 0 plugins.
Preloading 0 native plugins for Editor in 0.00 ms.
Mono: successfully reloaded assembly
- Completed reload, in  1.002 seconds
Platform modules already initialized, skipping
========================================================================
Worker process is ready to serve import requests
Launched and connected shader compiler UnityShaderCompiler.exe after 0.07 seconds
Refreshing native plugins compatible for Editor in 0.19 ms, found 0 plugins.
Preloading 0 native plugins for Editor in 0.00 ms.
Unloading 1116 Unused Serialized files (Serialized files now loaded: 0)
System memory in use before: 57.2 MB.
System memory in use after: 57.3 MB.

Unloading 10 unused Assets to reduce memory usage. Loaded Objects now: 1558.
Total: 1.685000 ms (FindLiveObjects: 0.132900 ms CreateObjectMapping: 0.037100 ms MarkObjects: 1.438700 ms  DeleteObjects: 0.075300 ms)

========================================================================
Received Import Request.
  path: Assets/Textures/Boss_specular.png
  artifactKey: Guid(73b65306bf54687449b4e319534f31bc) Importer(815301076,1909f56bfc062723c751e8b465ee728b)
Start importing Assets/Textures/Boss_specular.png using Guid(73b65306bf54687449b4e319534f31bc) Importer(815301076,1909f56bfc062723c751e8b465ee728b)  -> (artifact id: '2a230d2ad42729d46bcaeedbf804839a') in 0.124086 seconds
  Import took 0.125837 seconds .

========================================================================
Received Import Request.
  Time since last request: 0.000340 seconds.
  path: Assets/Textures/Ch14_1001_Specular.png
  artifactKey: Guid(daea3a1c1273d1740add225c8cd9968a) Importer(815301076,1909f56bfc062723c751e8b465ee728b)
Start importing Assets/Textures/Ch14_1001_Specular.png using Guid(daea3a1c1273d1740add225c8cd9968a) Importer(815301076,1909f56bfc062723c751e8b465ee728b)  -> (artifact id: '928b7691aed2220e1856da8727d59a31') in 0.017089 seconds
  Import took 0.018786 seconds .

========================================================================
Received Import Request.
  Time since last request: 0.000316 seconds.
  path: Assets/Textures/Boss_diffuse.png
  artifactKey: Guid(426c813d7f467a54ba9ffdc860700383) Importer(815301076,1909f56bfc062723c751e8b465ee728b)
Start importing Assets/Textures/Boss_diffuse.png using Guid(426c813d7f467a54ba9ffdc860700383) Importer(815301076,1909f56bfc062723c751e8b465ee728b)  -> (artifact id: 'fdb63cf7050b31665ce4cade6218206c') in 0.017350 seconds
  Import took 0.019032 seconds .

========================================================================
Received Import Request.
  Time since last request: 0.000335 seconds.
  path: Assets/Textures/Ch14_1001_Diffuse.png
  artifactKey: Guid(874f9584f52fa9a4ca31572316c5592f) Importer(815301076,1909f56bfc062723c751e8b465ee728b)
Start importing Assets/Textures/Ch14_1001_Diffuse.png using Guid(874f9584f52fa9a4ca31572316c5592f) Importer(815301076,1909f56bfc062723c751e8b465ee728b)  -> (artifact id: 'a287f81a9615ae0790d0cc2764096b79') in 0.014631 seconds
  Import took 0.016259 seconds .

========================================================================
Received Import Request.
  Time since last request: 0.000321 seconds.
  path: Assets/Textures/Ch14_1001_Glossiness.png
  artifactKey: Guid(e86d13b91fd14fb44b74c741480fac6e) Importer(815301076,1909f56bfc062723c751e8b465ee728b)
Start importing Assets/Textures/Ch14_1001_Glossiness.png using Guid(e86d13b91fd14fb44b74c741480fac6e) Importer(815301076,1909f56bfc062723c751e8b465ee728b)  -> (artifact id: '163cf28a3435194562869fd3d6c82a79') in 0.017559 seconds
  Import took 0.019198 seconds .

========================================================================
Received Import Request.
  Time since last request: 0.000294 seconds.
  path: Assets/Textures/Ch14_1001_Normal.png
  artifactKey: Guid(6c48b4c7789395c40a8b829813b61311) Importer(815301076,1909f56bfc062723c751e8b465ee728b)
Start importing Assets/Textures/Ch14_1001_Normal.png using Guid(6c48b4c7789395c40a8b829813b61311) Importer(815301076,1909f56bfc062723c751e8b465ee728b)  -> (artifact id: 'a21e44e95da337d8836451845b3ca84f') in 0.012131 seconds
  Import took 0.013708 seconds .

========================================================================
Received Import Request.
  Time since last request: 0.000332 seconds.
  path: Assets/Textures/Boss_normal.png
  artifactKey: Guid(379e5cc1885353b4393e4def8d7cfcc8) Importer(815301076,1909f56bfc062723c751e8b465ee728b)
Start importing Assets/Textures/Boss_normal.png using Guid(379e5cc1885353b4393e4def8d7cfcc8) Importer(815301076,1909f56bfc062723c751e8b465ee728b)  -> (artifact id: 'dee9e6ae21bea90b31a5e41258dba66e') in 0.015964 seconds
  Import took 0.017561 seconds .

========================================================================
Received Prepare
Refreshing native plugins compatible for Editor in 0.77 ms, found 0 plugins.
Preloading 0 native plugins for Editor in 0.00 ms.
Unloading 3 Unused Serialized files (Serialized files now loaded: 0)
System memory in use before: 35.1 MB.
System memory in use after: 35.2 MB.

Unloading 3 unused Assets to reduce memory usage. Loaded Objects now: 1560.
Total: 1.778300 ms (FindLiveObjects: 0.120700 ms CreateObjectMapping: 0.037800 ms MarkObjects: 1.579600 ms  DeleteObjects: 0.039200 ms)

========================================================================
Received Import Request.
  Time since last request: 7.825670 seconds.
  path: Assets/Action Idle To Standing Idle.fbx
  artifactKey: Guid(87f0be4b435850b4a80bb9cd541a3f2d) Importer(815301076,1909f56bfc062723c751e8b465ee728b)
Start importing Assets/Action Idle To Standing Idle.fbx using Guid(87f0be4b435850b4a80bb9cd541a3f2d) Importer(815301076,1909f56bfc062723c751e8b465ee728b)  -> (artifact id: '8e530baf1181e02b7d4484754afd6605') in 0.261325 seconds
  Import took 0.265397 seconds .

========================================================================
Received Prepare
Registering precompiled user dll's ...
Registered in 0.000757 seconds.
Begin MonoManager ReloadAssembly
Native extension for WindowsStandalone target not found
Refreshing native plugins compatible for Editor in 0.26 ms, found 0 plugins.
Preloading 0 native plugins for Editor in 0.00 ms.
Mono: successfully reloaded assembly
- Completed reload, in  0.882 seconds
Platform modules already initialized, skipping
Refreshing native plugins compatible for Editor in 0.19 ms, found 0 plugins.
Preloading 0 native plugins for Editor in 0.00 ms.
Unloading 1110 Unused Serialized files (Serialized files now loaded: 0)
System memory in use before: 74.1 MB.
System memory in use after: 74.2 MB.

Unloading 6 unused Assets to reduce memory usage. Loaded Objects now: 1605.
Total: 1.893900 ms (FindLiveObjects: 0.132400 ms CreateObjectMapping: 0.029800 ms MarkObjects: 1.684800 ms  DeleteObjects: 0.045900 ms)

========================================================================
Received Import Request.
  Time since last request: 663.612663 seconds.
  path: Assets/Textures/TexturesCom_Grass0197_1_seamless_S.jpg
  artifactKey: Guid(bab69bd1994fbc8489db2091707ec1b2) Importer(815301076,1909f56bfc062723c751e8b465ee728b)
Start importing Assets/Textures/TexturesCom_Grass0197_1_seamless_S.jpg using Guid(bab69bd1994fbc8489db2091707ec1b2) Importer(815301076,1909f56bfc062723c751e8b465ee728b)  -> (artifact id: '2ca21f160042dca58610a994f0fcb696') in 0.051550 seconds
  Import took 0.054596 seconds .

========================================================================
Received Import Request.
  Time since last request: 102.247542 seconds.
  path: Assets/TexturesCom_Grass0197_2_S.jpg
  artifactKey: Guid(4fac7719c4be0544fa31c318db2dcd4a) Importer(815301076,1909f56bfc062723c751e8b465ee728b)
Start importing Assets/TexturesCom_Grass0197_2_S.jpg using Guid(4fac7719c4be0544fa31c318db2dcd4a) Importer(815301076,1909f56bfc062723c751e8b465ee728b)  -> (artifact id: '3d5376e4f947798dcba57017b50bd0fb') in 0.015376 seconds
  Import took 0.018719 seconds .

========================================================================
Received Import Request.
  Time since last request: 27.945052 seconds.
  path: Assets/TexturesCom_Grass0197_3_S.jpg
  artifactKey: Guid(0330afc511b4d8b4e9eda222e07b29b1) Importer(815301076,1909f56bfc062723c751e8b465ee728b)
Start importing Assets/TexturesCom_Grass0197_3_S.jpg using Guid(0330afc511b4d8b4e9eda222e07b29b1) Importer(815301076,1909f56bfc062723c751e8b465ee728b)  -> (artifact id: '47683d0dd2fc29c0ba0d589fee5da476') in 0.014653 seconds
  Import took 0.016927 seconds .

========================================================================
Received Import Request.
  Time since last request: 45.403305 seconds.
  path: Assets/erika_archer_bow_arrow.fbx
  artifactKey: Guid(83923489895c6324a9df93d81ad8c8f4) Importer(815301076,1909f56bfc062723c751e8b465ee728b)
Start importing Assets/erika_archer_bow_arrow.fbx using Guid(83923489895c6324a9df93d81ad8c8f4) Importer(815301076,1909f56bfc062723c751e8b465ee728b)  -> (artifact id: 'be97ac9a520d7c4f547eba6d1b0de3bc') in 0.565145 seconds
  Import took 0.567279 seconds .

========================================================================
Received Import Request.
  Time since last request: 22.994700 seconds.
  path: Assets/erika_archer_bow_arrow.fbx
  artifactKey: Guid(83923489895c6324a9df93d81ad8c8f4) Importer(815301076,1909f56bfc062723c751e8b465ee728b)
Start importing Assets/erika_archer_bow_arrow.fbx using Guid(83923489895c6324a9df93d81ad8c8f4) Importer(815301076,1909f56bfc062723c751e8b465ee728b)  -> (artifact id: '4b7b4d3c88be183d95850403920fd4f8') in 0.125959 seconds
  Import took 0.129073 seconds .

========================================================================
Received Import Request.
  Time since last request: 239.941506 seconds.
  path: Assets/erika_archer_bow_arrow.fbx
  artifactKey: Guid(83923489895c6324a9df93d81ad8c8f4) Importer(815301076,1909f56bfc062723c751e8b465ee728b)
Start importing Assets/erika_archer_bow_arrow.fbx using Guid(83923489895c6324a9df93d81ad8c8f4) Importer(815301076,1909f56bfc062723c751e8b465ee728b)  -> (artifact id: '1c4bb1b63f826750713a66dcd1662a3d') in 0.155344 seconds
  Import took 0.159928 seconds .

========================================================================
Received Import Request.
  Time since last request: 0.000228 seconds.
  path: Assets/erika_archer_bow_arrow@Walking.fbx
  artifactKey: Guid(66388dc6530d632418cd9ae876dd9593) Importer(815301076,1909f56bfc062723c751e8b465ee728b)
Start importing Assets/erika_archer_bow_arrow@Walking.fbx using Guid(66388dc6530d632418cd9ae876dd9593) Importer(815301076,1909f56bfc062723c751e8b465ee728b)  -> (artifact id: '38c7a01dfe2502ae11717c357c73c939') in 0.115534 seconds
  Import took 0.118416 seconds .

========================================================================
Received Import Request.
  Time since last request: 315.970602 seconds.
  path: Assets/New Animator Controller.controller
  artifactKey: Guid(a461dbce0fb96cb4ab598b18adede682) Importer(815301076,1909f56bfc062723c751e8b465ee728b)
Start importing Assets/New Animator Controller.controller using Guid(a461dbce0fb96cb4ab598b18adede682) Importer(815301076,1909f56bfc062723c751e8b465ee728b)  -> (artifact id: 'b0b6535eb02b135e51b4a82bfe597d84') in 0.014345 seconds
  Import took 0.016620 seconds .

========================================================================
Received Import Request.
  Time since last request: 0.000727 seconds.
  path: Assets/New Animator Controller.controller
  artifactKey: Guid(a461dbce0fb96cb4ab598b18adede682) Importer(815301076,1909f56bfc062723c751e8b465ee728b)
Start importing Assets/New Animator Controller.controller using Guid(a461dbce0fb96cb4ab598b18adede682) Importer(815301076,1909f56bfc062723c751e8b465ee728b)  -> (artifact id: 'b0b6535eb02b135e51b4a82bfe597d84') in 0.003090 seconds
  Import took 0.004971 seconds .

========================================================================
Received Import Request.
  Time since last request: 11.841448 seconds.
  path: Assets/animatorcontroller.controller
  artifactKey: Guid(a461dbce0fb96cb4ab598b18adede682) Importer(815301076,1909f56bfc062723c751e8b465ee728b)
Start importing Assets/animatorcontroller.controller using Guid(a461dbce0fb96cb4ab598b18adede682) Importer(815301076,1909f56bfc062723c751e8b465ee728b)  -> (artifact id: '63044363cef223a54ddee2f4ae138d0a') in 0.010413 seconds
  Import took 0.013757 seconds .

========================================================================
Received Import Request.
  Time since last request: 171.955086 seconds.
  path: Assets/PlayerHareket.cs
  artifactKey: Guid(b3b0c079ba945d84dba903967fb39c8a) Importer(815301076,1909f56bfc062723c751e8b465ee728b)
Start importing Assets/PlayerHareket.cs using Guid(b3b0c079ba945d84dba903967fb39c8a) Importer(815301076,1909f56bfc062723c751e8b465ee728b)  -> (artifact id: '9d9cc8ecfa6886abb759e6b45900d3ba') in 0.014506 seconds
  Import took 0.016818 seconds .

========================================================================
Received Import Request.
  Time since last request: 0.002657 seconds.
  path: Assets/PlayerHareket.cs
  artifactKey: Guid(b3b0c079ba945d84dba903967fb39c8a) Importer(815301076,1909f56bfc062723c751e8b465ee728b)
Start importing Assets/PlayerHareket.cs using Guid(b3b0c079ba945d84dba903967fb39c8a) Importer(815301076,1909f56bfc062723c751e8b465ee728b)  -> (artifact id: '9d9cc8ecfa6886abb759e6b45900d3ba') in 0.002656 seconds
  Import took 0.004452 seconds .

========================================================================
Received Prepare
Registering precompiled user dll's ...
Registered in 0.000763 seconds.
Begin MonoManager ReloadAssembly
Native extension for WindowsStandalone target not found
Refreshing native plugins compatible for Editor in 0.30 ms, found 0 plugins.
Preloading 0 native plugins for Editor in 0.00 ms.
Mono: successfully reloaded assembly
- Completed reload, in  0.869 seconds
Platform modules already initialized, skipping
Refreshing native plugins compatible for Editor in 0.18 ms, found 0 plugins.
Preloading 0 native plugins for Editor in 0.00 ms.
Unloading 1111 Unused Serialized files (Serialized files now loaded: 0)
System memory in use before: 74.3 MB.
System memory in use after: 74.4 MB.

Unloading 5 unused Assets to reduce memory usage. Loaded Objects now: 1611.
Total: 1.622000 ms (FindLiveObjects: 0.116400 ms CreateObjectMapping: 0.030600 ms MarkObjects: 1.428400 ms  DeleteObjects: 0.045400 ms)

========================================================================
Received Import Request.
  Time since last request: 126.565083 seconds.
  path: Assets/PlayerHareket.cs
  artifactKey: Guid(b3b0c079ba945d84dba903967fb39c8a) Importer(815301076,1909f56bfc062723c751e8b465ee728b)
Start importing Assets/PlayerHareket.cs using Guid(b3b0c079ba945d84dba903967fb39c8a) Importer(815301076,1909f56bfc062723c751e8b465ee728b)  -> (artifact id: '53866695a06d7721541431a30b5495f8') in 0.011803 seconds
  Import took 0.014425 seconds .

========================================================================
Received Prepare
Registering precompiled user dll's ...
Registered in 0.001019 seconds.
Begin MonoManager ReloadAssembly
Native extension for WindowsStandalone target not found
Refreshing native plugins compatible for Editor in 0.22 ms, found 0 plugins.
Preloading 0 native plugins for Editor in 0.00 ms.
Mono: successfully reloaded assembly
- Completed reload, in  0.780 seconds
Platform modules already initialized, skipping
Refreshing native plugins compatible for Editor in 0.18 ms, found 0 plugins.
Preloading 0 native plugins for Editor in 0.00 ms.
Unloading 1111 Unused Serialized files (Serialized files now loaded: 0)
System memory in use before: 74.4 MB.
System memory in use after: 74.4 MB.

Unloading 5 unused Assets to reduce memory usage. Loaded Objects now: 1614.
Total: 1.616900 ms (FindLiveObjects: 0.124200 ms CreateObjectMapping: 0.027500 ms MarkObjects: 1.421400 ms  DeleteObjects: 0.042700 ms)

========================================================================
Received Prepare
Registering precompiled user dll's ...
Registered in 0.000940 seconds.
Begin MonoManager ReloadAssembly
Native extension for WindowsStandalone target not found
Refreshing native plugins compatible for Editor in 0.19 ms, found 0 plugins.
Preloading 0 native plugins for Editor in 0.00 ms.
Mono: successfully reloaded assembly
- Completed reload, in  0.876 seconds
Platform modules already initialized, skipping
Refreshing native plugins compatible for Editor in 0.19 ms, found 0 plugins.
Preloading 0 native plugins for Editor in 0.00 ms.
Unloading 1111 Unused Serialized files (Serialized files now loaded: 0)
System memory in use before: 74.4 MB.
System memory in use after: 74.4 MB.

Unloading 5 unused Assets to reduce memory usage. Loaded Objects now: 1617.
Total: 2.071700 ms (FindLiveObjects: 0.142300 ms CreateObjectMapping: 0.034000 ms MarkObjects: 1.847400 ms  DeleteObjects: 0.046200 ms)

========================================================================
Received Prepare
Registering precompiled user dll's ...
Registered in 0.000716 seconds.
Begin MonoManager ReloadAssembly
Native extension for WindowsStandalone target not found
Refreshing native plugins compatible for Editor in 0.19 ms, found 0 plugins.
Preloading 0 native plugins for Editor in 0.00 ms.
Mono: successfully reloaded assembly
- Completed reload, in  0.825 seconds
Platform modules already initialized, skipping
Refreshing native plugins compatible for Editor in 0.19 ms, found 0 plugins.
Preloading 0 native plugins for Editor in 0.00 ms.
Unloading 1111 Unused Serialized files (Serialized files now loaded: 0)
System memory in use before: 74.4 MB.
System memory in use after: 74.5 MB.

Unloading 5 unused Assets to reduce memory usage. Loaded Objects now: 1620.
Total: 1.793000 ms (FindLiveObjects: 0.196900 ms CreateObjectMapping: 0.062700 ms MarkObjects: 1.482400 ms  DeleteObjects: 0.049900 ms)

========================================================================
Received Prepare
Registering precompiled user dll's ...
Registered in 0.000662 seconds.
Begin MonoManager ReloadAssembly
Native extension for WindowsStandalone target not found
Refreshing native plugins compatible for Editor in 0.21 ms, found 0 plugins.
Preloading 0 native plugins for Editor in 0.00 ms.
Mono: successfully reloaded assembly
- Completed reload, in  0.808 seconds
Platform modules already initialized, skipping
Refreshing native plugins compatible for Editor in 0.18 ms, found 0 plugins.
Preloading 0 native plugins for Editor in 0.00 ms.
Unloading 1111 Unused Serialized files (Serialized files now loaded: 0)
System memory in use before: 74.4 MB.
System memory in use after: 74.5 MB.

Unloading 5 unused Assets to reduce memory usage. Loaded Objects now: 1623.
Total: 1.877200 ms (FindLiveObjects: 0.183000 ms CreateObjectMapping: 0.031900 ms MarkObjects: 1.601900 ms  DeleteObjects: 0.059500 ms)

========================================================================
Received Prepare
Registering precompiled user dll's ...
Registered in 0.000727 seconds.
Begin MonoManager ReloadAssembly
Native extension for WindowsStandalone target not found
Refreshing native plugins compatible for Editor in 0.20 ms, found 0 plugins.
Preloading 0 native plugins for Editor in 0.00 ms.
Mono: successfully reloaded assembly
- Completed reload, in  0.797 seconds
Platform modules already initialized, skipping
Refreshing native plugins compatible for Editor in 0.20 ms, found 0 plugins.
Preloading 0 native plugins for Editor in 0.00 ms.
Unloading 1111 Unused Serialized files (Serialized files now loaded: 0)
System memory in use before: 74.4 MB.
System memory in use after: 74.5 MB.

Unloading 5 unused Assets to reduce memory usage. Loaded Objects now: 1626.
Total: 1.782200 ms (FindLiveObjects: 0.152200 ms CreateObjectMapping: 0.040600 ms MarkObjects: 1.534800 ms  DeleteObjects: 0.052800 ms)

========================================================================
Received Prepare
Registering precompiled user dll's ...
Registered in 0.000696 seconds.
Begin MonoManager ReloadAssembly
Native extension for WindowsStandalone target not found
Refreshing native plugins compatible for Editor in 0.28 ms, found 0 plugins.
Preloading 0 native plugins for Editor in 0.00 ms.
Mono: successfully reloaded assembly
- Completed reload, in  0.982 seconds
Platform modules already initialized, skipping
Refreshing native plugins compatible for Editor in 0.18 ms, found 0 plugins.
Preloading 0 native plugins for Editor in 0.00 ms.
Unloading 1111 Unused Serialized files (Serialized files now loaded: 0)
System memory in use before: 74.4 MB.
System memory in use after: 74.5 MB.

Unloading 5 unused Assets to reduce memory usage. Loaded Objects now: 1629.
Total: 1.491900 ms (FindLiveObjects: 0.119000 ms CreateObjectMapping: 0.031900 ms MarkObjects: 1.295100 ms  DeleteObjects: 0.045100 ms)

========================================================================
Received Import Request.
  Time since last request: 521.324274 seconds.
  path: Assets/PlayerHareket.cs
  artifactKey: Guid(b3b0c079ba945d84dba903967fb39c8a) Importer(815301076,1909f56bfc062723c751e8b465ee728b)
Start importing Assets/PlayerHareket.cs using Guid(b3b0c079ba945d84dba903967fb39c8a) Importer(815301076,1909f56bfc062723c751e8b465ee728b)  -> (artifact id: '818df603c7b5a58261ec7fb988355e86') in 0.006825 seconds
  Import took 0.009728 seconds .

========================================================================
Received Import Request.
  Time since last request: 0.000667 seconds.
  path: Assets/PlayerHareket.cs
  artifactKey: Guid(b3b0c079ba945d84dba903967fb39c8a) Importer(815301076,1909f56bfc062723c751e8b465ee728b)
Start importing Assets/PlayerHareket.cs using Guid(b3b0c079ba945d84dba903967fb39c8a) Importer(815301076,1909f56bfc062723c751e8b465ee728b)  -> (artifact id: '818df603c7b5a58261ec7fb988355e86') in 0.004030 seconds
  Import took 0.006463 seconds .

========================================================================
Received Prepare
Registering precompiled user dll's ...
Registered in 0.000723 seconds.
Begin MonoManager ReloadAssembly
Native extension for WindowsStandalone target not found
Refreshing native plugins compatible for Editor in 0.19 ms, found 0 plugins.
Preloading 0 native plugins for Editor in 0.00 ms.
Mono: successfully reloaded assembly
- Completed reload, in  0.960 seconds
Platform modules already initialized, skipping
Refreshing native plugins compatible for Editor in 0.19 ms, found 0 plugins.
Preloading 0 native plugins for Editor in 0.00 ms.
Unloading 1111 Unused Serialized files (Serialized files now loaded: 0)
System memory in use before: 74.4 MB.
System memory in use after: 74.5 MB.

Unloading 5 unused Assets to reduce memory usage. Loaded Objects now: 1632.
Total: 2.197600 ms (FindLiveObjects: 0.158100 ms CreateObjectMapping: 0.046000 ms MarkObjects: 1.896800 ms  DeleteObjects: 0.095400 ms)

========================================================================
Received Prepare
Registering precompiled user dll's ...
Registered in 0.000885 seconds.
Begin MonoManager ReloadAssembly
Native extension for WindowsStandalone target not found
Refreshing native plugins compatible for Editor in 0.19 ms, found 0 plugins.
Preloading 0 native plugins for Editor in 0.00 ms.
Mono: successfully reloaded assembly
- Completed reload, in  0.818 seconds
Platform modules already initialized, skipping
Refreshing native plugins compatible for Editor in 0.19 ms, found 0 plugins.
Preloading 0 native plugins for Editor in 0.00 ms.
Unloading 1111 Unused Serialized files (Serialized files now loaded: 0)
System memory in use before: 74.4 MB.
System memory in use after: 74.5 MB.

Unloading 5 unused Assets to reduce memory usage. Loaded Objects now: 1635.
Total: 1.537300 ms (FindLiveObjects: 0.148800 ms CreateObjectMapping: 0.033700 ms MarkObjects: 1.300900 ms  DeleteObjects: 0.053200 ms)

========================================================================
Received Import Request.
  Time since last request: 612.252308 seconds.
  path: Assets/erika_archer_bow_arrow.fbx
  artifactKey: Guid(83923489895c6324a9df93d81ad8c8f4) Importer(815301076,1909f56bfc062723c751e8b465ee728b)
Start importing Assets/erika_archer_bow_arrow.fbx using Guid(83923489895c6324a9df93d81ad8c8f4) Importer(815301076,1909f56bfc062723c751e8b465ee728b)  -> (artifact id: '7e9f6a6aa643bc202d4cceb2a040e2b0') in 0.184717 seconds
  Import took 0.188432 seconds .

========================================================================
Received Import Request.
  Time since last request: 52.794263 seconds.
  path: Assets/malcolm@Walking With Shopping Bag.fbx
  artifactKey: Guid(f47c38291f4058b4499db181436fe6da) Importer(815301076,1909f56bfc062723c751e8b465ee728b)
Start importing Assets/malcolm@Walking With Shopping Bag.fbx using Guid(f47c38291f4058b4499db181436fe6da) Importer(815301076,1909f56bfc062723c751e8b465ee728b)  -> (artifact id: 'bd99ebd6c9640ab6c5d78133c5f3cc6f') in 0.157573 seconds
  Import took 0.160817 seconds .

========================================================================
Received Import Request.
  Time since last request: 106.868343 seconds.
  path: Assets/malcolm@Walking With Shopping Bag.fbx
  artifactKey: Guid(f47c38291f4058b4499db181436fe6da) Importer(815301076,1909f56bfc062723c751e8b465ee728b)
Start importing Assets/malcolm@Walking With Shopping Bag.fbx using Guid(f47c38291f4058b4499db181436fe6da) Importer(815301076,1909f56bfc062723c751e8b465ee728b)  -> (artifact id: '14d13b17c2553637d58bb809616e8822') in 0.163833 seconds
  Import took 0.167529 seconds .

========================================================================
Received Import Request.
  Time since last request: 74.488492 seconds.
  path: Assets/malcolm@Walking With Shopping Bag.fbx
  artifactKey: Guid(f47c38291f4058b4499db181436fe6da) Importer(815301076,1909f56bfc062723c751e8b465ee728b)
Start importing Assets/malcolm@Walking With Shopping Bag.fbx using Guid(f47c38291f4058b4499db181436fe6da) Importer(815301076,1909f56bfc062723c751e8b465ee728b)  -> (artifact id: '36b01bb332983e8b26a63538466a862e') in 0.174319 seconds
  Import took 0.178652 seconds .

========================================================================
Received Prepare
Registering precompiled user dll's ...
Registered in 0.001055 seconds.
Begin MonoManager ReloadAssembly
Native extension for WindowsStandalone target not found
Refreshing native plugins compatible for Editor in 0.19 ms, found 0 plugins.
Preloading 0 native plugins for Editor in 0.00 ms.
Mono: successfully reloaded assembly
- Completed reload, in  0.987 seconds
Platform modules already initialized, skipping
Refreshing native plugins compatible for Editor in 0.32 ms, found 0 plugins.
Preloading 0 native plugins for Editor in 0.00 ms.
Unloading 1111 Unused Serialized files (Serialized files now loaded: 0)
System memory in use before: 74.5 MB.
System memory in use after: 74.5 MB.

Unloading 5 unused Assets to reduce memory usage. Loaded Objects now: 1639.
Total: 1.581700 ms (FindLiveObjects: 0.159600 ms CreateObjectMapping: 0.030800 ms MarkObjects: 1.318200 ms  DeleteObjects: 0.072200 ms)

========================================================================
Received Import Request.
  Time since last request: 269.217214 seconds.
  path: Assets/Hareket.controller
  artifactKey: Guid(0a4654f27931e904483f555e57dfed2b) Importer(815301076,1909f56bfc062723c751e8b465ee728b)
Start importing Assets/Hareket.controller using Guid(0a4654f27931e904483f555e57dfed2b) Importer(815301076,1909f56bfc062723c751e8b465ee728b)  -> (artifact id: 'a8462c1905f9594072fa5954bc24a5e7') in 0.024518 seconds
  Import took 0.027372 seconds .

========================================================================
Received Prepare
Registering precompiled user dll's ...
Registered in 0.000752 seconds.
Begin MonoManager ReloadAssembly
Native extension for WindowsStandalone target not found
Refreshing native plugins compatible for Editor in 0.19 ms, found 0 plugins.
Preloading 0 native plugins for Editor in 0.00 ms.
Mono: successfully reloaded assembly
- Completed reload, in  1.004 seconds
Platform modules already initialized, skipping
Refreshing native plugins compatible for Editor in 0.29 ms, found 0 plugins.
Preloading 0 native plugins for Editor in 0.00 ms.
Unloading 1111 Unused Serialized files (Serialized files now loaded: 0)
System memory in use before: 74.5 MB.
System memory in use after: 74.5 MB.

Unloading 5 unused Assets to reduce memory usage. Loaded Objects now: 1642.
Total: 1.965100 ms (FindLiveObjects: 0.281600 ms CreateObjectMapping: 0.068600 ms MarkObjects: 1.554800 ms  DeleteObjects: 0.058900 ms)

========================================================================
Received Import Request.
  Time since last request: 1337.932022 seconds.
  path: Assets/malcolm@Warrior Idle.fbx
  artifactKey: Guid(3154df2df0c139644a020062183bd98b) Importer(815301076,1909f56bfc062723c751e8b465ee728b)
Start importing Assets/malcolm@Warrior Idle.fbx using Guid(3154df2df0c139644a020062183bd98b) Importer(815301076,1909f56bfc062723c751e8b465ee728b)  -> (artifact id: '6bfd0dce832a856c592c9b890ae6da2a') in 0.038001 seconds
  Import took 0.040593 seconds .

========================================================================
Received Import Request.
  Time since last request: 32.038050 seconds.
  path: Assets/malcolm@Warrior Idle.fbx
  artifactKey: Guid(3154df2df0c139644a020062183bd98b) Importer(815301076,1909f56bfc062723c751e8b465ee728b)
Start importing Assets/malcolm@Warrior Idle.fbx using Guid(3154df2df0c139644a020062183bd98b) Importer(815301076,1909f56bfc062723c751e8b465ee728b)  -> (artifact id: '0aec1045e09b072a95cb52ea10074f6b') in 0.008893 seconds
  Import took 0.011790 seconds .

========================================================================
Received Import Request.
  Time since last request: 0.002414 seconds.
  path: Assets/malcolm@Warrior Idle.fbx
  artifactKey: Guid(3154df2df0c139644a020062183bd98b) Importer(815301076,1909f56bfc062723c751e8b465ee728b)
Start importing Assets/malcolm@Warrior Idle.fbx using Guid(3154df2df0c139644a020062183bd98b) Importer(815301076,1909f56bfc062723c751e8b465ee728b)  -> (artifact id: '0aec1045e09b072a95cb52ea10074f6b') in 0.008696 seconds
  Import took 0.010996 seconds .

========================================================================
Received Import Request.
  Time since last request: 59.580919 seconds.
  path: Assets/malcolm@Warrior Idle.fbx
  artifactKey: Guid(3154df2df0c139644a020062183bd98b) Importer(815301076,1909f56bfc062723c751e8b465ee728b)
Start importing Assets/malcolm@Warrior Idle.fbx using Guid(3154df2df0c139644a020062183bd98b) Importer(815301076,1909f56bfc062723c751e8b465ee728b)  -> (artifact id: '8c09346275312c5fb48b677c89f0b445') in 0.006472 seconds
  Import took 0.008986 seconds .

========================================================================
Received Import Request.
  Time since last request: 10.850936 seconds.
  path: Assets/malcolm@Warrior Idle.fbx
  artifactKey: Guid(3154df2df0c139644a020062183bd98b) Importer(815301076,1909f56bfc062723c751e8b465ee728b)
Start importing Assets/malcolm@Warrior Idle.fbx using Guid(3154df2df0c139644a020062183bd98b) Importer(815301076,1909f56bfc062723c751e8b465ee728b)  -> (artifact id: '93c1302f15fdab9d196a7699aa340848') in 0.008273 seconds
  Import took 0.011446 seconds .

========================================================================
Received Import Request.
  Time since last request: 0.002166 seconds.
  path: Assets/malcolm@Warrior Idle.fbx
  artifactKey: Guid(3154df2df0c139644a020062183bd98b) Importer(815301076,1909f56bfc062723c751e8b465ee728b)
Start importing Assets/malcolm@Warrior Idle.fbx using Guid(3154df2df0c139644a020062183bd98b) Importer(815301076,1909f56bfc062723c751e8b465ee728b)  -> (artifact id: '93c1302f15fdab9d196a7699aa340848') in 0.008198 seconds
  Import took 0.010898 seconds .

========================================================================
Received Import Request.
  Time since last request: 59.627786 seconds.
  path: Assets/malcolm@Walking With Shopping Bag.fbx
  artifactKey: Guid(f47c38291f4058b4499db181436fe6da) Importer(815301076,1909f56bfc062723c751e8b465ee728b)
Start importing Assets/malcolm@Walking With Shopping Bag.fbx using Guid(f47c38291f4058b4499db181436fe6da) Importer(815301076,1909f56bfc062723c751e8b465ee728b)  -> (artifact id: '18e1f7e3fc29751c08ed1628f4bbe983') in 0.222947 seconds
  Import took 0.226364 seconds .

========================================================================
Received Import Request.
  Time since last request: 14.167124 seconds.
  path: Assets/malcolm@Walking With Shopping Bag.fbx
  artifactKey: Guid(f47c38291f4058b4499db181436fe6da) Importer(815301076,1909f56bfc062723c751e8b465ee728b)
Start importing Assets/malcolm@Walking With Shopping Bag.fbx using Guid(f47c38291f4058b4499db181436fe6da) Importer(815301076,1909f56bfc062723c751e8b465ee728b)  -> (artifact id: 'c3c6bb1bf09848141edd1ceb21b6497a') in 0.162476 seconds
  Import took 0.167481 seconds .

========================================================================
Received Prepare
Registering precompiled user dll's ...
Registered in 0.000688 seconds.
Begin MonoManager ReloadAssembly
Native extension for WindowsStandalone target not found
Refreshing native plugins compatible for Editor in 0.20 ms, found 0 plugins.
Preloading 0 native plugins for Editor in 0.00 ms.
Mono: successfully reloaded assembly
- Completed reload, in  0.852 seconds
Platform modules already initialized, skipping
Refreshing native plugins compatible for Editor in 0.19 ms, found 0 plugins.
Preloading 0 native plugins for Editor in 0.00 ms.
Unloading 1111 Unused Serialized files (Serialized files now loaded: 0)
System memory in use before: 74.6 MB.
System memory in use after: 74.6 MB.

Unloading 5 unused Assets to reduce memory usage. Loaded Objects now: 1646.
Total: 1.599200 ms (FindLiveObjects: 0.137500 ms CreateObjectMapping: 0.030600 ms MarkObjects: 1.367000 ms  DeleteObjects: 0.063000 ms)

========================================================================
Received Import Request.
  Time since last request: 199.660926 seconds.
  path: Assets/malcolm@Warrior Idle.fbx
  artifactKey: Guid(3154df2df0c139644a020062183bd98b) Importer(815301076,1909f56bfc062723c751e8b465ee728b)
Start importing Assets/malcolm@Warrior Idle.fbx using Guid(3154df2df0c139644a020062183bd98b) Importer(815301076,1909f56bfc062723c751e8b465ee728b)  -> (artifact id: '43e80b098893eba008c9b7ed7ccedfcd') in 0.036098 seconds
  Import took 0.038308 seconds .

========================================================================
Received Prepare
Registering precompiled user dll's ...
Registered in 0.000739 seconds.
Begin MonoManager ReloadAssembly
Native extension for WindowsStandalone target not found
Refreshing native plugins compatible for Editor in 0.19 ms, found 0 plugins.
Preloading 0 native plugins for Editor in 0.00 ms.
Mono: successfully reloaded assembly
- Completed reload, in  1.009 seconds
Platform modules already initialized, skipping
Refreshing native plugins compatible for Editor in 0.19 ms, found 0 plugins.
Preloading 0 native plugins for Editor in 0.00 ms.
Unloading 1111 Unused Serialized files (Serialized files now loaded: 0)
System memory in use before: 74.6 MB.
System memory in use after: 74.7 MB.

Unloading 5 unused Assets to reduce memory usage. Loaded Objects now: 1649.
Total: 1.972200 ms (FindLiveObjects: 0.197900 ms CreateObjectMapping: 0.035900 ms MarkObjects: 1.667000 ms  DeleteObjects: 0.070000 ms)

========================================================================
Received Prepare
Registering precompiled user dll's ...
Registered in 0.002854 seconds.
Begin MonoManager ReloadAssembly
Native extension for WindowsStandalone target not found
Refreshing native plugins compatible for Editor in 0.41 ms, found 0 plugins.
Preloading 0 native plugins for Editor in 0.00 ms.
Mono: successfully reloaded assembly
- Completed reload, in  2.849 seconds
Platform modules already initialized, skipping
Refreshing native plugins compatible for Editor in 0.46 ms, found 0 plugins.
Preloading 0 native plugins for Editor in 0.00 ms.
Unloading 1111 Unused Serialized files (Serialized files now loaded: 0)
System memory in use before: 74.6 MB.
System memory in use after: 74.7 MB.

Unloading 5 unused Assets to reduce memory usage. Loaded Objects now: 1652.
Total: 3.253700 ms (FindLiveObjects: 0.293900 ms CreateObjectMapping: 0.082300 ms MarkObjects: 2.797100 ms  DeleteObjects: 0.078500 ms)

========================================================================
Received Prepare
Registering precompiled user dll's ...
Registered in 0.000911 seconds.
Begin MonoManager ReloadAssembly
Native extension for WindowsStandalone target not found
Refreshing native plugins compatible for Editor in 0.33 ms, found 0 plugins.
Preloading 0 native plugins for Editor in 0.00 ms.
Mono: successfully reloaded assembly
- Completed reload, in  1.005 seconds
Platform modules already initialized, skipping
Refreshing native plugins compatible for Editor in 0.32 ms, found 0 plugins.
Preloading 0 native plugins for Editor in 0.00 ms.
Unloading 1111 Unused Serialized files (Serialized files now loaded: 0)
System memory in use before: 74.6 MB.
System memory in use after: 74.7 MB.

Unloading 5 unused Assets to reduce memory usage. Loaded Objects now: 1655.
Total: 2.139600 ms (FindLiveObjects: 0.211800 ms CreateObjectMapping: 0.056100 ms MarkObjects: 1.819600 ms  DeleteObjects: 0.050600 ms)

========================================================================
Received Prepare
Registering precompiled user dll's ...
Registered in 0.001035 seconds.
Begin MonoManager ReloadAssembly
Native extension for WindowsStandalone target not found
Refreshing native plugins compatible for Editor in 0.19 ms, found 0 plugins.
Preloading 0 native plugins for Editor in 0.00 ms.
Mono: successfully reloaded assembly
- Completed reload, in  0.904 seconds
Platform modules already initialized, skipping
Refreshing native plugins compatible for Editor in 0.20 ms, found 0 plugins.
Preloading 0 native plugins for Editor in 0.00 ms.
Unloading 1111 Unused Serialized files (Serialized files now loaded: 0)
System memory in use before: 74.6 MB.
System memory in use after: 74.7 MB.

Unloading 5 unused Assets to reduce memory usage. Loaded Objects now: 1658.
Total: 1.611000 ms (FindLiveObjects: 0.138900 ms CreateObjectMapping: 0.035000 ms MarkObjects: 1.388400 ms  DeleteObjects: 0.047600 ms)

========================================================================
Received Prepare
Registering precompiled user dll's ...
Registered in 0.000681 seconds.
Begin MonoManager ReloadAssembly
Native extension for WindowsStandalone target not found
Refreshing native plugins compatible for Editor in 0.21 ms, found 0 plugins.
Preloading 0 native plugins for Editor in 0.00 ms.
Mono: successfully reloaded assembly
- Completed reload, in  0.917 seconds
Platform modules already initialized, skipping
Refreshing native plugins compatible for Editor in 0.32 ms, found 0 plugins.
Preloading 0 native plugins for Editor in 0.00 ms.
Unloading 1111 Unused Serialized files (Serialized files now loaded: 0)
System memory in use before: 74.6 MB.
System memory in use after: 74.7 MB.

Unloading 5 unused Assets to reduce memory usage. Loaded Objects now: 1661.
Total: 1.958800 ms (FindLiveObjects: 0.147000 ms CreateObjectMapping: 0.034000 ms MarkObjects: 1.728300 ms  DeleteObjects: 0.048100 ms)

========================================================================
Received Import Request.
  Time since last request: 4341.438025 seconds.
  path: Assets/malcolm@Warrior Idle.fbx
  artifactKey: Guid(3154df2df0c139644a020062183bd98b) Importer(815301076,1909f56bfc062723c751e8b465ee728b)
Start importing Assets/malcolm@Warrior Idle.fbx using Guid(3154df2df0c139644a020062183bd98b) Importer(815301076,1909f56bfc062723c751e8b465ee728b)  -> (artifact id: '4fadf26aad6d236a0339e6abc08ec9aa') in 0.031203 seconds
  Import took 0.033797 seconds .

========================================================================
Received Prepare
Registering precompiled user dll's ...
Registered in 0.000725 seconds.
Begin MonoManager ReloadAssembly
Native extension for WindowsStandalone target not found
Refreshing native plugins compatible for Editor in 0.25 ms, found 0 plugins.
Preloading 0 native plugins for Editor in 0.00 ms.
Mono: successfully reloaded assembly
- Completed reload, in  0.803 seconds
Platform modules already initialized, skipping
Refreshing native plugins compatible for Editor in 0.20 ms, found 0 plugins.
Preloading 0 native plugins for Editor in 0.00 ms.
Unloading 1111 Unused Serialized files (Serialized files now loaded: 0)
System memory in use before: 74.6 MB.
System memory in use after: 74.7 MB.

Unloading 5 unused Assets to reduce memory usage. Loaded Objects now: 1664.
Total: 1.704700 ms (FindLiveObjects: 0.127400 ms CreateObjectMapping: 0.033400 ms MarkObjects: 1.495700 ms  DeleteObjects: 0.047600 ms)

========================================================================
Received Import Request.
  Time since last request: 131.947238 seconds.
  path: Assets/malcolm@Walking With Shopping Bag.fbx
  artifactKey: Guid(f47c38291f4058b4499db181436fe6da) Importer(815301076,1909f56bfc062723c751e8b465ee728b)
Start importing Assets/malcolm@Walking With Shopping Bag.fbx using Guid(f47c38291f4058b4499db181436fe6da) Importer(815301076,1909f56bfc062723c751e8b465ee728b)  -> (artifact id: 'dd3324ddb962212b707554963c346577') in 0.262454 seconds
  Import took 0.267915 seconds .

========================================================================
Received Prepare
Registering precompiled user dll's ...
Registered in 0.001239 seconds.
Begin MonoManager ReloadAssembly
Native extension for WindowsStandalone target not found
Refreshing native plugins compatible for Editor in 0.42 ms, found 0 plugins.
Preloading 0 native plugins for Editor in 0.00 ms.
Mono: successfully reloaded assembly
- Completed reload, in  1.028 seconds
Platform modules already initialized, skipping
Refreshing native plugins compatible for Editor in 0.20 ms, found 0 plugins.
Preloading 0 native plugins for Editor in 0.00 ms.
Unloading 1112 Unused Serialized files (Serialized files now loaded: 0)
System memory in use before: 74.6 MB.
System memory in use after: 74.7 MB.

Unloading 5 unused Assets to reduce memory usage. Loaded Objects now: 1669.
Total: 2.053400 ms (FindLiveObjects: 0.298800 ms CreateObjectMapping: 0.083200 ms MarkObjects: 1.616500 ms  DeleteObjects: 0.053600 ms)

========================================================================
Received Prepare
Registering precompiled user dll's ...
Registered in 0.000669 seconds.
Begin MonoManager ReloadAssembly
Native extension for WindowsStandalone target not found
Refreshing native plugins compatible for Editor in 0.25 ms, found 0 plugins.
Preloading 0 native plugins for Editor in 0.00 ms.
Mono: successfully reloaded assembly
- Completed reload, in  0.830 seconds
Platform modules already initialized, skipping
Refreshing native plugins compatible for Editor in 0.20 ms, found 0 plugins.
Preloading 0 native plugins for Editor in 0.00 ms.
Unloading 1111 Unused Serialized files (Serialized files now loaded: 0)
System memory in use before: 74.6 MB.
System memory in use after: 74.7 MB.

Unloading 6 unused Assets to reduce memory usage. Loaded Objects now: 1671.
Total: 1.807300 ms (FindLiveObjects: 0.208100 ms CreateObjectMapping: 0.061200 ms MarkObjects: 1.463700 ms  DeleteObjects: 0.073100 ms)

========================================================================
Received Import Request.
  Time since last request: 90.335684 seconds.
  path: Assets/KarakterHareket.cs
  artifactKey: Guid(520d819bd73ac7d408f4769acfc54097) Importer(815301076,1909f56bfc062723c751e8b465ee728b)
Start importing Assets/KarakterHareket.cs using Guid(520d819bd73ac7d408f4769acfc54097) Importer(815301076,1909f56bfc062723c751e8b465ee728b)  -> (artifact id: '9b87752f2ebd4aab8ff97f35490acef7') in 0.011775 seconds
  Import took 0.014484 seconds .

========================================================================
Received Prepare
Registering precompiled user dll's ...
Registered in 0.000708 seconds.
Begin MonoManager ReloadAssembly
Native extension for WindowsStandalone target not found
Refreshing native plugins compatible for Editor in 0.61 ms, found 0 plugins.
Preloading 0 native plugins for Editor in 0.00 ms.
Mono: successfully reloaded assembly
- Completed reload, in  0.914 seconds
Platform modules already initialized, skipping
Refreshing native plugins compatible for Editor in 0.20 ms, found 0 plugins.
Preloading 0 native plugins for Editor in 0.00 ms.
Unloading 1111 Unused Serialized files (Serialized files now loaded: 0)
System memory in use before: 74.6 MB.
System memory in use after: 74.7 MB.

Unloading 5 unused Assets to reduce memory usage. Loaded Objects now: 1674.
Total: 1.641800 ms (FindLiveObjects: 0.155500 ms CreateObjectMapping: 0.037900 ms MarkObjects: 1.397000 ms  DeleteObjects: 0.050400 ms)

========================================================================
Received Import Request.
  Time since last request: 401.820527 seconds.
  path: Assets/KarakterHareket.cs
  artifactKey: Guid(520d819bd73ac7d408f4769acfc54097) Importer(815301076,1909f56bfc062723c751e8b465ee728b)
Start importing Assets/KarakterHareket.cs using Guid(520d819bd73ac7d408f4769acfc54097) Importer(815301076,1909f56bfc062723c751e8b465ee728b)  -> (artifact id: '7e80b9d86baba19dbba38577bd8f445e') in 0.007063 seconds
  Import took 0.008965 seconds .

========================================================================
Received Prepare
Registering precompiled user dll's ...
Registered in 0.000745 seconds.
Begin MonoManager ReloadAssembly
Native extension for WindowsStandalone target not found
Refreshing native plugins compatible for Editor in 0.21 ms, found 0 plugins.
Preloading 0 native plugins for Editor in 0.00 ms.
Mono: successfully reloaded assembly
- Completed reload, in  1.079 seconds
Platform modules already initialized, skipping
Refreshing native plugins compatible for Editor in 0.24 ms, found 0 plugins.
Preloading 0 native plugins for Editor in 0.00 ms.
Unloading 1111 Unused Serialized files (Serialized files now loaded: 0)
System memory in use before: 74.6 MB.
System memory in use after: 74.7 MB.

Unloading 5 unused Assets to reduce memory usage. Loaded Objects now: 1677.
Total: 1.854900 ms (FindLiveObjects: 0.130000 ms CreateObjectMapping: 0.032500 ms MarkObjects: 1.629100 ms  DeleteObjects: 0.062000 ms)

========================================================================
Received Prepare
Registering precompiled user dll's ...
Registered in 0.000698 seconds.
Begin MonoManager ReloadAssembly
Native extension for WindowsStandalone target not found
Refreshing native plugins compatible for Editor in 0.20 ms, found 0 plugins.
Preloading 0 native plugins for Editor in 0.00 ms.
Mono: successfully reloaded assembly
- Completed reload, in  0.901 seconds
Platform modules already initialized, skipping
Refreshing native plugins compatible for Editor in 0.27 ms, found 0 plugins.
Preloading 0 native plugins for Editor in 0.00 ms.
Unloading 1111 Unused Serialized files (Serialized files now loaded: 0)
System memory in use before: 74.6 MB.
System memory in use after: 74.7 MB.

Unloading 5 unused Assets to reduce memory usage. Loaded Objects now: 1680.
Total: 2.404900 ms (FindLiveObjects: 0.176800 ms CreateObjectMapping: 0.045200 ms MarkObjects: 2.119200 ms  DeleteObjects: 0.062300 ms)

========================================================================
Received Import Request.
  Time since last request: 33.203674 seconds.
  path: Assets/KarakterHareket.cs
  artifactKey: Guid(520d819bd73ac7d408f4769acfc54097) Importer(815301076,1909f56bfc062723c751e8b465ee728b)
Start importing Assets/KarakterHareket.cs using Guid(520d819bd73ac7d408f4769acfc54097) Importer(815301076,1909f56bfc062723c751e8b465ee728b)  -> (artifact id: '7dc418ff994f517115511a1b456086ff') in 0.011017 seconds
  Import took 0.013643 seconds .

========================================================================
Received Prepare
Registering precompiled user dll's ...
Registered in 0.000703 seconds.
Begin MonoManager ReloadAssembly
Native extension for WindowsStandalone target not found
Refreshing native plugins compatible for Editor in 0.20 ms, found 0 plugins.
Preloading 0 native plugins for Editor in 0.00 ms.
Mono: successfully reloaded assembly
- Completed reload, in  0.779 seconds
Platform modules already initialized, skipping
Refreshing native plugins compatible for Editor in 0.19 ms, found 0 plugins.
Preloading 0 native plugins for Editor in 0.00 ms.
Unloading 1111 Unused Serialized files (Serialized files now loaded: 0)
System memory in use before: 74.7 MB.
System memory in use after: 74.7 MB.

Unloading 5 unused Assets to reduce memory usage. Loaded Objects now: 1683.
Total: 1.815300 ms (FindLiveObjects: 0.140600 ms CreateObjectMapping: 0.035900 ms MarkObjects: 1.592500 ms  DeleteObjects: 0.045300 ms)

========================================================================
Received Prepare
Registering precompiled user dll's ...
Registered in 0.001079 seconds.
Begin MonoManager ReloadAssembly
Native extension for WindowsStandalone target not found
Refreshing native plugins compatible for Editor in 0.19 ms, found 0 plugins.
Preloading 0 native plugins for Editor in 0.00 ms.
Mono: successfully reloaded assembly
- Completed reload, in  0.830 seconds
Platform modules already initialized, skipping
Refreshing native plugins compatible for Editor in 0.19 ms, found 0 plugins.
Preloading 0 native plugins for Editor in 0.00 ms.
Unloading 1111 Unused Serialized files (Serialized files now loaded: 0)
System memory in use before: 74.7 MB.
System memory in use after: 74.7 MB.

Unloading 5 unused Assets to reduce memory usage. Loaded Objects now: 1686.
Total: 1.688800 ms (FindLiveObjects: 0.131200 ms CreateObjectMapping: 0.033500 ms MarkObjects: 1.476300 ms  DeleteObjects: 0.046700 ms)

========================================================================
Received Prepare
Registering precompiled user dll's ...
Registered in 0.000821 seconds.
Begin MonoManager ReloadAssembly
Native extension for WindowsStandalone target not found
Refreshing native plugins compatible for Editor in 0.20 ms, found 0 plugins.
Preloading 0 native plugins for Editor in 0.00 ms.
Mono: successfully reloaded assembly
- Completed reload, in  0.897 seconds
Platform modules already initialized, skipping
Refreshing native plugins compatible for Editor in 0.19 ms, found 0 plugins.
Preloading 0 native plugins for Editor in 0.00 ms.
Unloading 1111 Unused Serialized files (Serialized files now loaded: 0)
System memory in use before: 74.7 MB.
System memory in use after: 74.7 MB.

Unloading 5 unused Assets to reduce memory usage. Loaded Objects now: 1689.
Total: 1.629600 ms (FindLiveObjects: 0.132000 ms CreateObjectMapping: 0.031700 ms MarkObjects: 1.416000 ms  DeleteObjects: 0.048400 ms)

========================================================================
Received Prepare
Registering precompiled user dll's ...
Registered in 0.001079 seconds.
Begin MonoManager ReloadAssembly
Native extension for WindowsStandalone target not found
Refreshing native plugins compatible for Editor in 0.34 ms, found 0 plugins.
Preloading 0 native plugins for Editor in 0.00 ms.
Mono: successfully reloaded assembly
- Completed reload, in  0.828 seconds
Platform modules already initialized, skipping
Refreshing native plugins compatible for Editor in 0.57 ms, found 0 plugins.
Preloading 0 native plugins for Editor in 0.00 ms.
Unloading 1111 Unused Serialized files (Serialized files now loaded: 0)
System memory in use before: 74.7 MB.
System memory in use after: 74.7 MB.

Unloading 5 unused Assets to reduce memory usage. Loaded Objects now: 1692.
Total: 1.932700 ms (FindLiveObjects: 0.176600 ms CreateObjectMapping: 0.080300 ms MarkObjects: 1.578600 ms  DeleteObjects: 0.095900 ms)

========================================================================
Received Prepare
Registering precompiled user dll's ...
Registered in 0.000752 seconds.
Begin MonoManager ReloadAssembly
Native extension for WindowsStandalone target not found
Refreshing native plugins compatible for Editor in 0.27 ms, found 0 plugins.
Preloading 0 native plugins for Editor in 0.00 ms.
Mono: successfully reloaded assembly
- Completed reload, in  1.053 seconds
Platform modules already initialized, skipping
Refreshing native plugins compatible for Editor in 0.35 ms, found 0 plugins.
Preloading 0 native plugins for Editor in 0.00 ms.
Unloading 1111 Unused Serialized files (Serialized files now loaded: 0)
System memory in use before: 74.7 MB.
System memory in use after: 74.7 MB.

Unloading 5 unused Assets to reduce memory usage. Loaded Objects now: 1695.
Total: 2.532400 ms (FindLiveObjects: 0.244000 ms CreateObjectMapping: 0.061700 ms MarkObjects: 2.115200 ms  DeleteObjects: 0.109000 ms)

========================================================================
Received Prepare
Registering precompiled user dll's ...
Registered in 0.000721 seconds.
Begin MonoManager ReloadAssembly
Native extension for WindowsStandalone target not found
Refreshing native plugins compatible for Editor in 0.19 ms, found 0 plugins.
Preloading 0 native plugins for Editor in 0.00 ms.
Mono: successfully reloaded assembly
- Completed reload, in  0.865 seconds
Platform modules already initialized, skipping
Refreshing native plugins compatible for Editor in 0.20 ms, found 0 plugins.
Preloading 0 native plugins for Editor in 0.00 ms.
Unloading 1111 Unused Serialized files (Serialized files now loaded: 0)
System memory in use before: 74.7 MB.
System memory in use after: 74.8 MB.

Unloading 5 unused Assets to reduce memory usage. Loaded Objects now: 1698.
Total: 1.647800 ms (FindLiveObjects: 0.136500 ms CreateObjectMapping: 0.036200 ms MarkObjects: 1.410900 ms  DeleteObjects: 0.063100 ms)

========================================================================
Received Prepare
Registering precompiled user dll's ...
Registered in 0.000633 seconds.
Begin MonoManager ReloadAssembly
Native extension for WindowsStandalone target not found
Refreshing native plugins compatible for Editor in 0.19 ms, found 0 plugins.
Preloading 0 native plugins for Editor in 0.00 ms.
Mono: successfully reloaded assembly
- Completed reload, in  0.986 seconds
Platform modules already initialized, skipping
Refreshing native plugins compatible for Editor in 0.22 ms, found 0 plugins.
Preloading 0 native plugins for Editor in 0.00 ms.
Unloading 1111 Unused Serialized files (Serialized files now loaded: 0)
System memory in use before: 74.7 MB.
System memory in use after: 74.8 MB.

Unloading 5 unused Assets to reduce memory usage. Loaded Objects now: 1701.
Total: 1.585400 ms (FindLiveObjects: 0.131100 ms CreateObjectMapping: 0.033900 ms MarkObjects: 1.372900 ms  DeleteObjects: 0.046200 ms)

========================================================================
Received Prepare
Registering precompiled user dll's ...
Registered in 0.001057 seconds.
Begin MonoManager ReloadAssembly
Native extension for WindowsStandalone target not found
Refreshing native plugins compatible for Editor in 0.23 ms, found 0 plugins.
Preloading 0 native plugins for Editor in 0.00 ms.
Mono: successfully reloaded assembly
- Completed reload, in  0.837 seconds
Platform modules already initialized, skipping
Refreshing native plugins compatible for Editor in 0.19 ms, found 0 plugins.
Preloading 0 native plugins for Editor in 0.00 ms.
Unloading 1111 Unused Serialized files (Serialized files now loaded: 0)
System memory in use before: 74.7 MB.
System memory in use after: 74.8 MB.

Unloading 5 unused Assets to reduce memory usage. Loaded Objects now: 1704.
Total: 1.662800 ms (FindLiveObjects: 0.143400 ms CreateObjectMapping: 0.037800 ms MarkObjects: 1.417300 ms  DeleteObjects: 0.063200 ms)

========================================================================
Received Prepare
Registering precompiled user dll's ...
Registered in 0.000663 seconds.
Begin MonoManager ReloadAssembly
Native extension for WindowsStandalone target not found
Refreshing native plugins compatible for Editor in 0.19 ms, found 0 plugins.
Preloading 0 native plugins for Editor in 0.00 ms.
Mono: successfully reloaded assembly
- Completed reload, in  0.753 seconds
Platform modules already initialized, skipping
Refreshing native plugins compatible for Editor in 0.25 ms, found 0 plugins.
Preloading 0 native plugins for Editor in 0.00 ms.
Unloading 1111 Unused Serialized files (Serialized files now loaded: 0)
System memory in use before: 74.7 MB.
System memory in use after: 74.8 MB.

Unloading 5 unused Assets to reduce memory usage. Loaded Objects now: 1707.
Total: 2.658000 ms (FindLiveObjects: 0.213400 ms CreateObjectMapping: 0.096600 ms MarkObjects: 2.254700 ms  DeleteObjects: 0.091100 ms)

========================================================================
Received Prepare
Registering precompiled user dll's ...
Registered in 0.000768 seconds.
Begin MonoManager ReloadAssembly
Native extension for WindowsStandalone target not found
Refreshing native plugins compatible for Editor in 0.19 ms, found 0 plugins.
Preloading 0 native plugins for Editor in 0.00 ms.
Mono: successfully reloaded assembly
- Completed reload, in  0.862 seconds
Platform modules already initialized, skipping
Refreshing native plugins compatible for Editor in 0.19 ms, found 0 plugins.
Preloading 0 native plugins for Editor in 0.00 ms.
Unloading 1111 Unused Serialized files (Serialized files now loaded: 0)
System memory in use before: 74.7 MB.
System memory in use after: 74.8 MB.

Unloading 5 unused Assets to reduce memory usage. Loaded Objects now: 1710.
Total: 2.579600 ms (FindLiveObjects: 0.194500 ms CreateObjectMapping: 0.052800 ms MarkObjects: 2.267900 ms  DeleteObjects: 0.063100 ms)

========================================================================
Received Prepare
Registering precompiled user dll's ...
Registered in 0.001324 seconds.
Begin MonoManager ReloadAssembly
Native extension for WindowsStandalone target not found
Refreshing native plugins compatible for Editor in 0.19 ms, found 0 plugins.
Preloading 0 native plugins for Editor in 0.00 ms.
Mono: successfully reloaded assembly
- Completed reload, in  1.065 seconds
Platform modules already initialized, skipping
Refreshing native plugins compatible for Editor in 0.20 ms, found 0 plugins.
Preloading 0 native plugins for Editor in 0.00 ms.
Unloading 1111 Unused Serialized files (Serialized files now loaded: 0)
System memory in use before: 74.7 MB.
System memory in use after: 74.8 MB.

Unloading 5 unused Assets to reduce memory usage. Loaded Objects now: 1713.
Total: 2.089500 ms (FindLiveObjects: 0.147000 ms CreateObjectMapping: 0.038700 ms MarkObjects: 1.848600 ms  DeleteObjects: 0.054100 ms)

========================================================================
Received Prepare
Registering precompiled user dll's ...
Registered in 0.000664 seconds.
Begin MonoManager ReloadAssembly
Native extension for WindowsStandalone target not found
Refreshing native plugins compatible for Editor in 0.22 ms, found 0 plugins.
Preloading 0 native plugins for Editor in 0.00 ms.
Mono: successfully reloaded assembly
- Completed reload, in  0.943 seconds
Platform modules already initialized, skipping
Refreshing native plugins compatible for Editor in 0.19 ms, found 0 plugins.
Preloading 0 native plugins for Editor in 0.00 ms.
Unloading 1111 Unused Serialized files (Serialized files now loaded: 0)
System memory in use before: 74.7 MB.
System memory in use after: 74.8 MB.

Unloading 5 unused Assets to reduce memory usage. Loaded Objects now: 1716.
Total: 1.658300 ms (FindLiveObjects: 0.142300 ms CreateObjectMapping: 0.035100 ms MarkObjects: 1.418200 ms  DeleteObjects: 0.061800 ms)

========================================================================
Received Prepare
Registering precompiled user dll's ...
Registered in 0.000917 seconds.
Begin MonoManager ReloadAssembly
Native extension for WindowsStandalone target not found
Refreshing native plugins compatible for Editor in 0.20 ms, found 0 plugins.
Preloading 0 native plugins for Editor in 0.00 ms.
Mono: successfully reloaded assembly
- Completed reload, in  0.806 seconds
Platform modules already initialized, skipping
Refreshing native plugins compatible for Editor in 0.19 ms, found 0 plugins.
Preloading 0 native plugins for Editor in 0.00 ms.
Unloading 1111 Unused Serialized files (Serialized files now loaded: 0)
System memory in use before: 74.7 MB.
System memory in use after: 74.8 MB.

Unloading 5 unused Assets to reduce memory usage. Loaded Objects now: 1719.
Total: 1.633100 ms (FindLiveObjects: 0.132100 ms CreateObjectMapping: 0.031800 ms MarkObjects: 1.421800 ms  DeleteObjects: 0.046200 ms)

========================================================================
Received Prepare
Registering precompiled user dll's ...
Registered in 0.000703 seconds.
Begin MonoManager ReloadAssembly
Native extension for WindowsStandalone target not found
Refreshing native plugins compatible for Editor in 0.19 ms, found 0 plugins.
Preloading 0 native plugins for Editor in 0.00 ms.
Mono: successfully reloaded assembly
- Completed reload, in  0.820 seconds
Platform modules already initialized, skipping
Refreshing native plugins compatible for Editor in 0.26 ms, found 0 plugins.
Preloading 0 native plugins for Editor in 0.00 ms.
Unloading 1111 Unused Serialized files (Serialized files now loaded: 0)
System memory in use before: 74.7 MB.
System memory in use after: 74.8 MB.

Unloading 5 unused Assets to reduce memory usage. Loaded Objects now: 1722.
Total: 1.802900 ms (FindLiveObjects: 0.226700 ms CreateObjectMapping: 0.067600 ms MarkObjects: 1.458600 ms  DeleteObjects: 0.049000 ms)

========================================================================
Received Prepare
Registering precompiled user dll's ...
Registered in 0.000709 seconds.
Begin MonoManager ReloadAssembly
Native extension for WindowsStandalone target not found
Refreshing native plugins compatible for Editor in 0.19 ms, found 0 plugins.
Preloading 0 native plugins for Editor in 0.00 ms.
Mono: successfully reloaded assembly
- Completed reload, in  0.956 seconds
Platform modules already initialized, skipping
Refreshing native plugins compatible for Editor in 0.20 ms, found 0 plugins.
Preloading 0 native plugins for Editor in 0.00 ms.
Unloading 1111 Unused Serialized files (Serialized files now loaded: 0)
System memory in use before: 74.7 MB.
System memory in use after: 74.8 MB.

Unloading 5 unused Assets to reduce memory usage. Loaded Objects now: 1725.
Total: 1.567900 ms (FindLiveObjects: 0.128200 ms CreateObjectMapping: 0.032500 ms MarkObjects: 1.362200 ms  DeleteObjects: 0.044100 ms)

========================================================================
Received Prepare
Registering precompiled user dll's ...
Registered in 0.000715 seconds.
Begin MonoManager ReloadAssembly
Native extension for WindowsStandalone target not found
Refreshing native plugins compatible for Editor in 0.20 ms, found 0 plugins.
Preloading 0 native plugins for Editor in 0.00 ms.
Mono: successfully reloaded assembly
- Completed reload, in  0.929 seconds
Platform modules already initialized, skipping
Refreshing native plugins compatible for Editor in 0.19 ms, found 0 plugins.
Preloading 0 native plugins for Editor in 0.00 ms.
Unloading 1111 Unused Serialized files (Serialized files now loaded: 0)
System memory in use before: 74.7 MB.
System memory in use after: 74.8 MB.

Unloading 5 unused Assets to reduce memory usage. Loaded Objects now: 1728.
Total: 1.694600 ms (FindLiveObjects: 0.218300 ms CreateObjectMapping: 0.038600 ms MarkObjects: 1.390100 ms  DeleteObjects: 0.046500 ms)

========================================================================
Received Prepare
Registering precompiled user dll's ...
Registered in 0.000672 seconds.
Begin MonoManager ReloadAssembly
Native extension for WindowsStandalone target not found
Refreshing native plugins compatible for Editor in 0.29 ms, found 0 plugins.
Preloading 0 native plugins for Editor in 0.00 ms.
Mono: successfully reloaded assembly
- Completed reload, in  0.865 seconds
Platform modules already initialized, skipping
Refreshing native plugins compatible for Editor in 0.34 ms, found 0 plugins.
Preloading 0 native plugins for Editor in 0.00 ms.
Unloading 1111 Unused Serialized files (Serialized files now loaded: 0)
System memory in use before: 74.7 MB.
System memory in use after: 74.8 MB.

Unloading 5 unused Assets to reduce memory usage. Loaded Objects now: 1731.
Total: 2.041600 ms (FindLiveObjects: 0.197800 ms CreateObjectMapping: 0.048300 ms MarkObjects: 1.745800 ms  DeleteObjects: 0.048500 ms)

========================================================================
Received Prepare
Registering precompiled user dll's ...
Registered in 0.000721 seconds.
Begin MonoManager ReloadAssembly
Native extension for WindowsStandalone target not found
Refreshing native plugins compatible for Editor in 0.22 ms, found 0 plugins.
Preloading 0 native plugins for Editor in 0.00 ms.
Mono: successfully reloaded assembly
- Completed reload, in  1.094 seconds
Platform modules already initialized, skipping
Refreshing native plugins compatible for Editor in 0.19 ms, found 0 plugins.
Preloading 0 native plugins for Editor in 0.00 ms.
Unloading 1111 Unused Serialized files (Serialized files now loaded: 0)
System memory in use before: 74.7 MB.
System memory in use after: 74.8 MB.

Unloading 5 unused Assets to reduce memory usage. Loaded Objects now: 1734.
Total: 1.774200 ms (FindLiveObjects: 0.175800 ms CreateObjectMapping: 0.035400 ms MarkObjects: 1.512100 ms  DeleteObjects: 0.049800 ms)

========================================================================
Received Prepare
Registering precompiled user dll's ...
Registered in 0.001078 seconds.
Begin MonoManager ReloadAssembly
Native extension for WindowsStandalone target not found
Refreshing native plugins compatible for Editor in 0.19 ms, found 0 plugins.
Preloading 0 native plugins for Editor in 0.00 ms.
Mono: successfully reloaded assembly
- Completed reload, in  0.886 seconds
Platform modules already initialized, skipping
Refreshing native plugins compatible for Editor in 0.19 ms, found 0 plugins.
Preloading 0 native plugins for Editor in 0.00 ms.
Unloading 1111 Unused Serialized files (Serialized files now loaded: 0)
System memory in use before: 74.7 MB.
System memory in use after: 74.8 MB.

Unloading 5 unused Assets to reduce memory usage. Loaded Objects now: 1737.
Total: 1.683000 ms (FindLiveObjects: 0.195200 ms CreateObjectMapping: 0.043500 ms MarkObjects: 1.395900 ms  DeleteObjects: 0.047300 ms)

========================================================================
Received Prepare
Registering precompiled user dll's ...
Registered in 0.000707 seconds.
Begin MonoManager ReloadAssembly
Native extension for WindowsStandalone target not found
Refreshing native plugins compatible for Editor in 0.19 ms, found 0 plugins.
Preloading 0 native plugins for Editor in 0.00 ms.
Mono: successfully reloaded assembly
- Completed reload, in  0.860 seconds
Platform modules already initialized, skipping
Refreshing native plugins compatible for Editor in 0.20 ms, found 0 plugins.
Preloading 0 native plugins for Editor in 0.00 ms.
Unloading 1111 Unused Serialized files (Serialized files now loaded: 0)
System memory in use before: 74.7 MB.
System memory in use after: 74.8 MB.

Unloading 5 unused Assets to reduce memory usage. Loaded Objects now: 1740.
Total: 1.725000 ms (FindLiveObjects: 0.151300 ms CreateObjectMapping: 0.039400 ms MarkObjects: 1.485400 ms  DeleteObjects: 0.047900 ms)

========================================================================
Received Prepare
Registering precompiled user dll's ...
Registered in 0.000670 seconds.
Begin MonoManager ReloadAssembly
Native extension for WindowsStandalone target not found
Refreshing native plugins compatible for Editor in 0.20 ms, found 0 plugins.
Preloading 0 native plugins for Editor in 0.00 ms.
Mono: successfully reloaded assembly
- Completed reload, in  0.809 seconds
Platform modules already initialized, skipping
Refreshing native plugins compatible for Editor in 0.19 ms, found 0 plugins.
Preloading 0 native plugins for Editor in 0.00 ms.
Unloading 1111 Unused Serialized files (Serialized files now loaded: 0)
System memory in use before: 74.8 MB.
System memory in use after: 74.8 MB.

Unloading 5 unused Assets to reduce memory usage. Loaded Objects now: 1743.
Total: 1.947000 ms (FindLiveObjects: 0.178200 ms CreateObjectMapping: 0.059600 ms MarkObjects: 1.658300 ms  DeleteObjects: 0.049100 ms)

========================================================================
Received Prepare
Registering precompiled user dll's ...
Registered in 0.000712 seconds.
Begin MonoManager ReloadAssembly
Native extension for WindowsStandalone target not found
Refreshing native plugins compatible for Editor in 0.26 ms, found 0 plugins.
Preloading 0 native plugins for Editor in 0.00 ms.
Mono: successfully reloaded assembly
- Completed reload, in  0.843 seconds
Platform modules already initialized, skipping
Refreshing native plugins compatible for Editor in 0.20 ms, found 0 plugins.
Preloading 0 native plugins for Editor in 0.00 ms.
Unloading 1111 Unused Serialized files (Serialized files now loaded: 0)
System memory in use before: 74.8 MB.
System memory in use after: 74.8 MB.

Unloading 5 unused Assets to reduce memory usage. Loaded Objects now: 1746.
Total: 1.912600 ms (FindLiveObjects: 0.156600 ms CreateObjectMapping: 0.041100 ms MarkObjects: 1.662200 ms  DeleteObjects: 0.051100 ms)

========================================================================
Received Prepare
Registering precompiled user dll's ...
Registered in 0.000999 seconds.
Begin MonoManager ReloadAssembly
Native extension for WindowsStandalone target not found
Refreshing native plugins compatible for Editor in 0.22 ms, found 0 plugins.
Preloading 0 native plugins for Editor in 0.00 ms.
Mono: successfully reloaded assembly
- Completed reload, in  0.908 seconds
Platform modules already initialized, skipping
Refreshing native plugins compatible for Editor in 0.19 ms, found 0 plugins.
Preloading 0 native plugins for Editor in 0.00 ms.
Unloading 1111 Unused Serialized files (Serialized files now loaded: 0)
System memory in use before: 74.8 MB.
System memory in use after: 74.8 MB.

Unloading 5 unused Assets to reduce memory usage. Loaded Objects now: 1749.
Total: 1.802600 ms (FindLiveObjects: 0.143500 ms CreateObjectMapping: 0.029100 ms MarkObjects: 1.516500 ms  DeleteObjects: 0.112400 ms)

========================================================================
Received Prepare
Registering precompiled user dll's ...
Registered in 0.000712 seconds.
Begin MonoManager ReloadAssembly
Native extension for WindowsStandalone target not found
Refreshing native plugins compatible for Editor in 0.33 ms, found 0 plugins.
Preloading 0 native plugins for Editor in 0.00 ms.
Mono: successfully reloaded assembly
- Completed reload, in  0.998 seconds
Platform modules already initialized, skipping
Refreshing native plugins compatible for Editor in 0.27 ms, found 0 plugins.
Preloading 0 native plugins for Editor in 0.00 ms.
Unloading 1111 Unused Serialized files (Serialized files now loaded: 0)
System memory in use before: 74.8 MB.
System memory in use after: 74.8 MB.

Unloading 5 unused Assets to reduce memory usage. Loaded Objects now: 1752.
Total: 2.645600 ms (FindLiveObjects: 0.165800 ms CreateObjectMapping: 0.040700 ms MarkObjects: 2.352800 ms  DeleteObjects: 0.084700 ms)

========================================================================
Received Prepare
Registering precompiled user dll's ...
Registered in 0.000745 seconds.
Begin MonoManager ReloadAssembly
Native extension for WindowsStandalone target not found
Refreshing native plugins compatible for Editor in 0.19 ms, found 0 plugins.
Preloading 0 native plugins for Editor in 0.00 ms.
Mono: successfully reloaded assembly
- Completed reload, in  1.052 seconds
Platform modules already initialized, skipping
Refreshing native plugins compatible for Editor in 0.19 ms, found 0 plugins.
Preloading 0 native plugins for Editor in 0.00 ms.
Unloading 1111 Unused Serialized files (Serialized files now loaded: 0)
System memory in use before: 74.8 MB.
System memory in use after: 74.9 MB.

Unloading 5 unused Assets to reduce memory usage. Loaded Objects now: 1755.
Total: 2.389100 ms (FindLiveObjects: 0.135500 ms CreateObjectMapping: 0.258700 ms MarkObjects: 1.946900 ms  DeleteObjects: 0.047300 ms)

========================================================================
Received Prepare
Registering precompiled user dll's ...
Registered in 0.000892 seconds.
Begin MonoManager ReloadAssembly
Native extension for WindowsStandalone target not found
Refreshing native plugins compatible for Editor in 0.20 ms, found 0 plugins.
Preloading 0 native plugins for Editor in 0.00 ms.
Mono: successfully reloaded assembly
- Completed reload, in  0.870 seconds
Platform modules already initialized, skipping
Refreshing native plugins compatible for Editor in 0.33 ms, found 0 plugins.
Preloading 0 native plugins for Editor in 0.00 ms.
Unloading 1111 Unused Serialized files (Serialized files now loaded: 0)
System memory in use before: 74.8 MB.
System memory in use after: 74.9 MB.

Unloading 5 unused Assets to reduce memory usage. Loaded Objects now: 1758.
Total: 2.089400 ms (FindLiveObjects: 0.356900 ms CreateObjectMapping: 0.101100 ms MarkObjects: 1.579200 ms  DeleteObjects: 0.050700 ms)

========================================================================
Received Prepare
Registering precompiled user dll's ...
Registered in 0.000743 seconds.
Begin MonoManager ReloadAssembly
Native extension for WindowsStandalone target not found
Refreshing native plugins compatible for Editor in 0.35 ms, found 0 plugins.
Preloading 0 native plugins for Editor in 0.00 ms.
Mono: successfully reloaded assembly
- Completed reload, in  0.936 seconds
Platform modules already initialized, skipping
Refreshing native plugins compatible for Editor in 0.18 ms, found 0 plugins.
Preloading 0 native plugins for Editor in 0.00 ms.
Unloading 1111 Unused Serialized files (Serialized files now loaded: 0)
System memory in use before: 74.8 MB.
System memory in use after: 74.9 MB.

Unloading 5 unused Assets to reduce memory usage. Loaded Objects now: 1761.
Total: 1.676000 ms (FindLiveObjects: 0.150200 ms CreateObjectMapping: 0.035500 ms MarkObjects: 1.442300 ms  DeleteObjects: 0.046800 ms)

========================================================================
Received Prepare
Registering precompiled user dll's ...
Registered in 0.000660 seconds.
Begin MonoManager ReloadAssembly
Native extension for WindowsStandalone target not found
Refreshing native plugins compatible for Editor in 0.20 ms, found 0 plugins.
Preloading 0 native plugins for Editor in 0.00 ms.
Mono: successfully reloaded assembly
- Completed reload, in  0.839 seconds
Platform modules already initialized, skipping
Refreshing native plugins compatible for Editor in 0.23 ms, found 0 plugins.
Preloading 0 native plugins for Editor in 0.00 ms.
Unloading 1111 Unused Serialized files (Serialized files now loaded: 0)
System memory in use before: 74.8 MB.
System memory in use after: 74.9 MB.

Unloading 5 unused Assets to reduce memory usage. Loaded Objects now: 1764.
Total: 1.732900 ms (FindLiveObjects: 0.202400 ms CreateObjectMapping: 0.037100 ms MarkObjects: 1.402800 ms  DeleteObjects: 0.089500 ms)

========================================================================
Received Prepare
Registering precompiled user dll's ...
Registered in 0.000649 seconds.
Begin MonoManager ReloadAssembly
Native extension for WindowsStandalone target not found
Refreshing native plugins compatible for Editor in 0.20 ms, found 0 plugins.
Preloading 0 native plugins for Editor in 0.00 ms.
Mono: successfully reloaded assembly
- Completed reload, in  0.928 seconds
Platform modules already initialized, skipping
Refreshing native plugins compatible for Editor in 0.19 ms, found 0 plugins.
Preloading 0 native plugins for Editor in 0.00 ms.
Unloading 1111 Unused Serialized files (Serialized files now loaded: 0)
System memory in use before: 74.8 MB.
System memory in use after: 74.9 MB.

Unloading 5 unused Assets to reduce memory usage. Loaded Objects now: 1767.
Total: 1.831000 ms (FindLiveObjects: 0.130400 ms CreateObjectMapping: 0.034200 ms MarkObjects: 1.621300 ms  DeleteObjects: 0.044100 ms)

========================================================================
Received Prepare
Registering precompiled user dll's ...
Registered in 0.000719 seconds.
Begin MonoManager ReloadAssembly
Native extension for WindowsStandalone target not found
Refreshing native plugins compatible for Editor in 0.20 ms, found 0 plugins.
Preloading 0 native plugins for Editor in 0.00 ms.
Mono: successfully reloaded assembly
- Completed reload, in  0.855 seconds
Platform modules already initialized, skipping
Refreshing native plugins compatible for Editor in 0.18 ms, found 0 plugins.
Preloading 0 native plugins for Editor in 0.00 ms.
Unloading 1111 Unused Serialized files (Serialized files now loaded: 0)
System memory in use before: 74.8 MB.
System memory in use after: 74.9 MB.

Unloading 5 unused Assets to reduce memory usage. Loaded Objects now: 1770.
Total: 1.605700 ms (FindLiveObjects: 0.129900 ms CreateObjectMapping: 0.033300 ms MarkObjects: 1.398800 ms  DeleteObjects: 0.042900 ms)

========================================================================
Received Prepare
Registering precompiled user dll's ...
Registered in 0.000679 seconds.
Begin MonoManager ReloadAssembly
Native extension for WindowsStandalone target not found
Refreshing native plugins compatible for Editor in 0.20 ms, found 0 plugins.
Preloading 0 native plugins for Editor in 0.00 ms.
Mono: successfully reloaded assembly
- Completed reload, in  0.807 seconds
Platform modules already initialized, skipping
Refreshing native plugins compatible for Editor in 0.23 ms, found 0 plugins.
Preloading 0 native plugins for Editor in 0.00 ms.
Unloading 1111 Unused Serialized files (Serialized files now loaded: 0)
System memory in use before: 74.8 MB.
System memory in use after: 74.9 MB.

Unloading 5 unused Assets to reduce memory usage. Loaded Objects now: 1773.
Total: 2.215200 ms (FindLiveObjects: 0.223900 ms CreateObjectMapping: 0.053900 ms MarkObjects: 1.871000 ms  DeleteObjects: 0.064700 ms)

========================================================================
Received Prepare
Registering precompiled user dll's ...
Registered in 0.001036 seconds.
Begin MonoManager ReloadAssembly
Native extension for WindowsStandalone target not found
Refreshing native plugins compatible for Editor in 0.20 ms, found 0 plugins.
Preloading 0 native plugins for Editor in 0.00 ms.
Mono: successfully reloaded assembly
- Completed reload, in  0.913 seconds
Platform modules already initialized, skipping
Refreshing native plugins compatible for Editor in 0.19 ms, found 0 plugins.
Preloading 0 native plugins for Editor in 0.00 ms.
Unloading 1111 Unused Serialized files (Serialized files now loaded: 0)
System memory in use before: 74.9 MB.
System memory in use after: 74.9 MB.

Unloading 5 unused Assets to reduce memory usage. Loaded Objects now: 1776.
Total: 1.664900 ms (FindLiveObjects: 0.153700 ms CreateObjectMapping: 0.039200 ms MarkObjects: 1.413200 ms  DeleteObjects: 0.057400 ms)

========================================================================
Received Prepare
Registering precompiled user dll's ...
Registered in 0.000656 seconds.
Begin MonoManager ReloadAssembly
Native extension for WindowsStandalone target not found
Refreshing native plugins compatible for Editor in 0.19 ms, found 0 plugins.
Preloading 0 native plugins for Editor in 0.00 ms.
Mono: successfully reloaded assembly
- Completed reload, in  0.851 seconds
Platform modules already initialized, skipping
Refreshing native plugins compatible for Editor in 0.19 ms, found 0 plugins.
Preloading 0 native plugins for Editor in 0.00 ms.
Unloading 1111 Unused Serialized files (Serialized files now loaded: 0)
System memory in use before: 74.9 MB.
System memory in use after: 74.9 MB.

Unloading 5 unused Assets to reduce memory usage. Loaded Objects now: 1779.
Total: 2.394800 ms (FindLiveObjects: 0.194200 ms CreateObjectMapping: 0.048700 ms MarkObjects: 2.090500 ms  DeleteObjects: 0.060300 ms)

========================================================================
Received Prepare
Registering precompiled user dll's ...
Registered in 0.000672 seconds.
Begin MonoManager ReloadAssembly
Native extension for WindowsStandalone target not found
Refreshing native plugins compatible for Editor in 0.33 ms, found 0 plugins.
Preloading 0 native plugins for Editor in 0.00 ms.
Mono: successfully reloaded assembly
- Completed reload, in  0.935 seconds
Platform modules already initialized, skipping
Refreshing native plugins compatible for Editor in 0.27 ms, found 0 plugins.
Preloading 0 native plugins for Editor in 0.00 ms.
Unloading 1111 Unused Serialized files (Serialized files now loaded: 0)
System memory in use before: 74.9 MB.
System memory in use after: 74.9 MB.

Unloading 5 unused Assets to reduce memory usage. Loaded Objects now: 1782.
Total: 1.801500 ms (FindLiveObjects: 0.167800 ms CreateObjectMapping: 0.043800 ms MarkObjects: 1.536900 ms  DeleteObjects: 0.051800 ms)

========================================================================
Received Prepare
Registering precompiled user dll's ...
Registered in 0.000652 seconds.
Begin MonoManager ReloadAssembly
Native extension for WindowsStandalone target not found
Refreshing native plugins compatible for Editor in 0.37 ms, found 0 plugins.
Preloading 0 native plugins for Editor in 0.00 ms.
Mono: successfully reloaded assembly
- Completed reload, in  0.783 seconds
Platform modules already initialized, skipping
Refreshing native plugins compatible for Editor in 0.39 ms, found 0 plugins.
Preloading 0 native plugins for Editor in 0.00 ms.
Unloading 1111 Unused Serialized files (Serialized files now loaded: 0)
System memory in use before: 74.9 MB.
System memory in use after: 74.9 MB.

Unloading 5 unused Assets to reduce memory usage. Loaded Objects now: 1785.
Total: 2.256600 ms (FindLiveObjects: 0.206100 ms CreateObjectMapping: 0.039900 ms MarkObjects: 1.956800 ms  DeleteObjects: 0.052300 ms)

========================================================================
Received Prepare
Registering precompiled user dll's ...
Registered in 0.000659 seconds.
Begin MonoManager ReloadAssembly
Native extension for WindowsStandalone target not found
Refreshing native plugins compatible for Editor in 0.20 ms, found 0 plugins.
Preloading 0 native plugins for Editor in 0.00 ms.
Mono: successfully reloaded assembly
- Completed reload, in  0.929 seconds
Platform modules already initialized, skipping
Refreshing native plugins compatible for Editor in 0.19 ms, found 0 plugins.
Preloading 0 native plugins for Editor in 0.00 ms.
Unloading 1111 Unused Serialized files (Serialized files now loaded: 0)
System memory in use before: 74.9 MB.
System memory in use after: 75.0 MB.

Unloading 5 unused Assets to reduce memory usage. Loaded Objects now: 1788.
Total: 1.764800 ms (FindLiveObjects: 0.147600 ms CreateObjectMapping: 0.036700 ms MarkObjects: 1.535500 ms  DeleteObjects: 0.044100 ms)

========================================================================
Received Prepare
Registering precompiled user dll's ...
Registered in 0.000678 seconds.
Begin MonoManager ReloadAssembly
Native extension for WindowsStandalone target not found
Refreshing native plugins compatible for Editor in 0.24 ms, found 0 plugins.
Preloading 0 native plugins for Editor in 0.00 ms.
Mono: successfully reloaded assembly
- Completed reload, in  0.888 seconds
Platform modules already initialized, skipping
Refreshing native plugins compatible for Editor in 0.19 ms, found 0 plugins.
Preloading 0 native plugins for Editor in 0.00 ms.
Unloading 1111 Unused Serialized files (Serialized files now loaded: 0)
System memory in use before: 74.9 MB.
System memory in use after: 75.0 MB.

Unloading 5 unused Assets to reduce memory usage. Loaded Objects now: 1791.
Total: 1.899800 ms (FindLiveObjects: 0.292500 ms CreateObjectMapping: 0.055800 ms MarkObjects: 1.498800 ms  DeleteObjects: 0.051400 ms)

========================================================================
Received Prepare
Registering precompiled user dll's ...
Registered in 0.001006 seconds.
Begin MonoManager ReloadAssembly
Native extension for WindowsStandalone target not found
Refreshing native plugins compatible for Editor in 0.19 ms, found 0 plugins.
Preloading 0 native plugins for Editor in 0.00 ms.
Mono: successfully reloaded assembly
- Completed reload, in  0.865 seconds
Platform modules already initialized, skipping
Refreshing native plugins compatible for Editor in 0.30 ms, found 0 plugins.
Preloading 0 native plugins for Editor in 0.00 ms.
Unloading 1111 Unused Serialized files (Serialized files now loaded: 0)
System memory in use before: 74.8 MB.
System memory in use after: 74.9 MB.

Unloading 5 unused Assets to reduce memory usage. Loaded Objects now: 1794.
Total: 1.853700 ms (FindLiveObjects: 0.153500 ms CreateObjectMapping: 0.037800 ms MarkObjects: 1.613700 ms  DeleteObjects: 0.047900 ms)

========================================================================
Received Prepare
Registering precompiled user dll's ...
Registered in 0.001106 seconds.
Begin MonoManager ReloadAssembly
Native extension for WindowsStandalone target not found
Refreshing native plugins compatible for Editor in 0.19 ms, found 0 plugins.
Preloading 0 native plugins for Editor in 0.00 ms.
Mono: successfully reloaded assembly
- Completed reload, in  0.894 seconds
Platform modules already initialized, skipping
Refreshing native plugins compatible for Editor in 0.30 ms, found 0 plugins.
Preloading 0 native plugins for Editor in 0.00 ms.
Unloading 1111 Unused Serialized files (Serialized files now loaded: 0)
System memory in use before: 74.8 MB.
System memory in use after: 74.9 MB.

Unloading 5 unused Assets to reduce memory usage. Loaded Objects now: 1797.
Total: 1.929600 ms (FindLiveObjects: 0.238600 ms CreateObjectMapping: 0.046700 ms MarkObjects: 1.586200 ms  DeleteObjects: 0.056700 ms)

========================================================================
Received Prepare
Registering precompiled user dll's ...
Registered in 0.000832 seconds.
Begin MonoManager ReloadAssembly
Native extension for WindowsStandalone target not found
Refreshing native plugins compatible for Editor in 0.23 ms, found 0 plugins.
Preloading 0 native plugins for Editor in 0.00 ms.
Mono: successfully reloaded assembly
- Completed reload, in  0.869 seconds
Platform modules already initialized, skipping
Refreshing native plugins compatible for Editor in 0.20 ms, found 0 plugins.
Preloading 0 native plugins for Editor in 0.00 ms.
Unloading 1111 Unused Serialized files (Serialized files now loaded: 0)
System memory in use before: 74.9 MB.
System memory in use after: 74.9 MB.

Unloading 5 unused Assets to reduce memory usage. Loaded Objects now: 1800.
Total: 1.726600 ms (FindLiveObjects: 0.174400 ms CreateObjectMapping: 0.044900 ms MarkObjects: 1.455000 ms  DeleteObjects: 0.051300 ms)

========================================================================
Received Prepare
Registering precompiled user dll's ...
Registered in 0.000670 seconds.
Begin MonoManager ReloadAssembly
Native extension for WindowsStandalone target not found
Refreshing native plugins compatible for Editor in 0.19 ms, found 0 plugins.
Preloading 0 native plugins for Editor in 0.00 ms.
Mono: successfully reloaded assembly
- Completed reload, in  1.078 seconds
Platform modules already initialized, skipping
Refreshing native plugins compatible for Editor in 0.19 ms, found 0 plugins.
Preloading 0 native plugins for Editor in 0.00 ms.
Unloading 1111 Unused Serialized files (Serialized files now loaded: 0)
System memory in use before: 74.9 MB.
System memory in use after: 74.9 MB.

Unloading 5 unused Assets to reduce memory usage. Loaded Objects now: 1803.
Total: 1.877900 ms (FindLiveObjects: 0.198100 ms CreateObjectMapping: 0.036500 ms MarkObjects: 1.597700 ms  DeleteObjects: 0.044600 ms)

========================================================================
Received Prepare
Registering precompiled user dll's ...
Registered in 0.000724 seconds.
Begin MonoManager ReloadAssembly
Native extension for WindowsStandalone target not found
Refreshing native plugins compatible for Editor in 0.22 ms, found 0 plugins.
Preloading 0 native plugins for Editor in 0.00 ms.
Mono: successfully reloaded assembly
- Completed reload, in  0.869 seconds
Platform modules already initialized, skipping
Refreshing native plugins compatible for Editor in 0.19 ms, found 0 plugins.
Preloading 0 native plugins for Editor in 0.00 ms.
Unloading 1111 Unused Serialized files (Serialized files now loaded: 0)
System memory in use before: 74.9 MB.
System memory in use after: 74.9 MB.

Unloading 5 unused Assets to reduce memory usage. Loaded Objects now: 1806.
Total: 1.576800 ms (FindLiveObjects: 0.156200 ms CreateObjectMapping: 0.037000 ms MarkObjects: 1.332200 ms  DeleteObjects: 0.049700 ms)

========================================================================
Received Import Request.
  Time since last request: 2196.118720 seconds.
  path: Assets/KarakterHareket.cs
  artifactKey: Guid(520d819bd73ac7d408f4769acfc54097) Importer(815301076,1909f56bfc062723c751e8b465ee728b)
Start importing Assets/KarakterHareket.cs using Guid(520d819bd73ac7d408f4769acfc54097) Importer(815301076,1909f56bfc062723c751e8b465ee728b)  -> (artifact id: '541b99a155b59c6026e84ace744a5ee1') in 0.006049 seconds
  Import took 0.008411 seconds .

========================================================================
Received Import Request.
  Time since last request: 0.007151 seconds.
  path: Assets/KarakterHareket.cs
  artifactKey: Guid(520d819bd73ac7d408f4769acfc54097) Importer(815301076,1909f56bfc062723c751e8b465ee728b)
Start importing Assets/KarakterHareket.cs using Guid(520d819bd73ac7d408f4769acfc54097) Importer(815301076,1909f56bfc062723c751e8b465ee728b)  -> (artifact id: '541b99a155b59c6026e84ace744a5ee1') in 0.002898 seconds
  Import took 0.004952 seconds .

========================================================================
Received Prepare
Registering precompiled user dll's ...
Registered in 0.000684 seconds.
Begin MonoManager ReloadAssembly
Native extension for WindowsStandalone target not found
Refreshing native plugins compatible for Editor in 0.35 ms, found 0 plugins.
Preloading 0 native plugins for Editor in 0.00 ms.
Mono: successfully reloaded assembly
- Completed reload, in  0.837 seconds
Platform modules already initialized, skipping
Refreshing native plugins compatible for Editor in 0.19 ms, found 0 plugins.
Preloading 0 native plugins for Editor in 0.00 ms.
Unloading 1110 Unused Serialized files (Serialized files now loaded: 0)
System memory in use before: 74.8 MB.
System memory in use after: 74.9 MB.

Unloading 6 unused Assets to reduce memory usage. Loaded Objects now: 1808.
Total: 2.928400 ms (FindLiveObjects: 0.204900 ms CreateObjectMapping: 0.048800 ms MarkObjects: 2.600700 ms  DeleteObjects: 0.072300 ms)

========================================================================
Received Import Request.
  Time since last request: 1097.384672 seconds.
  path: Assets/remy.fbx
  artifactKey: Guid(de38202be8095e046af40941febcd07a) Importer(815301076,1909f56bfc062723c751e8b465ee728b)
Start importing Assets/remy.fbx using Guid(de38202be8095e046af40941febcd07a) Importer(815301076,1909f56bfc062723c751e8b465ee728b)  -> (artifact id: '522e5fdc3a8a79a670b029a0a803993c') in 0.227060 seconds
  Import took 0.230902 seconds .

========================================================================
Received Import Request.
  Time since last request: 31.928640 seconds.
  path: Assets/remy.fbx
  artifactKey: Guid(de38202be8095e046af40941febcd07a) Importer(815301076,1909f56bfc062723c751e8b465ee728b)
Start importing Assets/remy.fbx using Guid(de38202be8095e046af40941febcd07a) Importer(815301076,1909f56bfc062723c751e8b465ee728b)  -> (artifact id: 'e570081451b277cee8877c39fd375064') in 0.174100 seconds
  Import took 0.177954 seconds .

========================================================================
Received Import Request.
  Time since last request: 105.456673 seconds.
  path: Assets/remy.fbx
  artifactKey: Guid(de38202be8095e046af40941febcd07a) Importer(815301076,1909f56bfc062723c751e8b465ee728b)
Start importing Assets/remy.fbx using Guid(de38202be8095e046af40941febcd07a) Importer(815301076,1909f56bfc062723c751e8b465ee728b)  -> (artifact id: '5e1c952c46b8d146cfc5d9c675e76487') in 0.150464 seconds
  Import took 0.154026 seconds .

========================================================================
Received Import Request.
  Time since last request: 232.211332 seconds.
  path: Assets/remy@Idle.fbx
  artifactKey: Guid(7f02dd15ba1d22642a07e91c4708ffb4) Importer(815301076,1909f56bfc062723c751e8b465ee728b)
Start importing Assets/remy@Idle.fbx using Guid(7f02dd15ba1d22642a07e91c4708ffb4) Importer(815301076,1909f56bfc062723c751e8b465ee728b)  -> (artifact id: '88cb88dd80e8675f8dbdbd84c50ba024') in 0.153198 seconds
  Import took 0.157215 seconds .

========================================================================
Received Import Request.
  Time since last request: 26.220466 seconds.
  path: Assets/remy@Idle.fbx
  artifactKey: Guid(7f02dd15ba1d22642a07e91c4708ffb4) Importer(815301076,1909f56bfc062723c751e8b465ee728b)
Start importing Assets/remy@Idle.fbx using Guid(7f02dd15ba1d22642a07e91c4708ffb4) Importer(815301076,1909f56bfc062723c751e8b465ee728b)  -> (artifact id: '11fcfb470b313f2be00cca9afa98477f') in 0.152964 seconds
  Import took 0.156516 seconds .

========================================================================
Received Import Request.
  Time since last request: 80.830251 seconds.
  path: Assets/theboss@Breathing Idle.fbx
  artifactKey: Guid(064208eed97b63f4e9773fe7a524ee62) Importer(815301076,1909f56bfc062723c751e8b465ee728b)
Start importing Assets/theboss@Breathing Idle.fbx using Guid(064208eed97b63f4e9773fe7a524ee62) Importer(815301076,1909f56bfc062723c751e8b465ee728b)  -> (artifact id: '10f11bd88d9f1186e9a34181c50d2fab') in 0.135034 seconds
  Import took 0.138667 seconds .

AssetImportWorkerClient::OnTransportError - code=2 error=End of file
