Using pre-set license
Built from '2020.3/staging' branch; Version is '2020.3.4f1 (0abb6314276a) revision 703331'; Using compiler version '192528614'; Build Type 'Release'
OS: 'Windows 10 Pro; OS build 18363.1556; Version 1909; 64bit' Language: 'tr' Physical Memory: 32622 MB
BatchMode: 1, IsHumanControllingUs: 0, StartBugReporterOnCrash: 0, Is64bit: 1, IsPro: 0

 COMMAND LINE ARGUMENTS:
C:\Users\musta\Desktop\OyunProgramiEtkinligi\2020.3.4f1\Editor\Unity.exe
-adb2
-batchMode
-noUpm
-name
AssetImportWorker0
-projectPath
C:/Users/musta/Desktop/sourcetreeunity/SourceTree
-logFile
Logs/AssetImportWorker0.log
-srvPort
63770
Successfully changed project path to: C:/Users/musta/Desktop/sourcetreeunity/SourceTree
C:/Users/musta/Desktop/sourcetreeunity/SourceTree
Using Asset Import Pipeline V2.
Refreshing native plugins compatible for Editor in 38.82 ms, found 0 plugins.
Preloading 0 native plugins for Editor in 0.00 ms.
Initialize engine version: 2020.3.4f1 (0abb6314276a)
[Subsystems] Discovering subsystems at path C:/Users/musta/Desktop/OyunProgramiEtkinligi/2020.3.4f1/Editor/Data/Resources/UnitySubsystems
[Subsystems] Discovering subsystems at path C:/Users/musta/Desktop/sourcetreeunity/SourceTree/Assets
GfxDevice: creating device client; threaded=0
Direct3D:
    Version:  Direct3D 11.0 [level 11.1]
    Renderer: NVIDIA GeForce RTX 2060 (ID=0x1f11)
    Vendor:   
    VRAM:     5980 MB
    Driver:   27.21.14.6156
Initialize mono
Mono path[0] = 'C:/Users/musta/Desktop/OyunProgramiEtkinligi/2020.3.4f1/Editor/Data/Managed'
Mono path[1] = 'C:/Users/musta/Desktop/OyunProgramiEtkinligi/2020.3.4f1/Editor/Data/MonoBleedingEdge/lib/mono/unityjit'
Mono config path = 'C:/Users/musta/Desktop/OyunProgramiEtkinligi/2020.3.4f1/Editor/Data/MonoBleedingEdge/etc'
Using monoOptions --debugger-agent=transport=dt_socket,embedding=1,server=y,suspend=n,address=127.0.0.1:56212
Begin MonoManager ReloadAssembly
Registering precompiled unity dll's ...
Register platform support module: C:/Users/musta/Desktop/OyunProgramiEtkinligi/2020.3.4f1/Editor/Data/PlaybackEngines/WindowsStandaloneSupport/UnityEditor.WindowsStandalone.Extensions.dll
Registered in 0.001901 seconds.
Native extension for WindowsStandalone target not found
Refreshing native plugins compatible for Editor in 21.69 ms, found 0 plugins.
Preloading 0 native plugins for Editor in 0.00 ms.
Mono: successfully reloaded assembly
- Completed reload, in  1.157 seconds
Platform modules already initialized, skipping
Registering precompiled user dll's ...
Registered in 0.000734 seconds.
Begin MonoManager ReloadAssembly
Native extension for WindowsStandalone target not found
Refreshing native plugins compatible for Editor in 0.19 ms, found 0 plugins.
Preloading 0 native plugins for Editor in 0.00 ms.
Mono: successfully reloaded assembly
- Completed reload, in  0.913 seconds
Platform modules already initialized, skipping
========================================================================
Worker process is ready to serve import requests
Launched and connected shader compiler UnityShaderCompiler.exe after 0.06 seconds
Refreshing native plugins compatible for Editor in 0.22 ms, found 0 plugins.
Preloading 0 native plugins for Editor in 0.00 ms.
Unloading 1116 Unused Serialized files (Serialized files now loaded: 0)
System memory in use before: 57.2 MB.
System memory in use after: 57.2 MB.

Unloading 10 unused Assets to reduce memory usage. Loaded Objects now: 1558.
Total: 2.972200 ms (FindLiveObjects: 0.178500 ms CreateObjectMapping: 0.089400 ms MarkObjects: 2.549500 ms  DeleteObjects: 0.152600 ms)

========================================================================
Received Import Request.
  path: Assets/PlatformMateryal.mat
  artifactKey: Guid(00cad23651d0e984f9ffaf1803afa413) Importer(815301076,1909f56bfc062723c751e8b465ee728b)
Start importing Assets/PlatformMateryal.mat using Guid(00cad23651d0e984f9ffaf1803afa413) Importer(815301076,1909f56bfc062723c751e8b465ee728b)  -> (artifact id: 'a24a778c77f29ba3d7a2d6d6d0cbe4e0') in 0.173374 seconds
  Import took 0.175826 seconds .

========================================================================
Received Import Request.
  Time since last request: 70.778207 seconds.
  path: Assets/PlayerScript.cs
  artifactKey: Guid(f640f9ef8e46214468065f5c9a0c1c67) Importer(815301076,1909f56bfc062723c751e8b465ee728b)
Start importing Assets/PlayerScript.cs using Guid(f640f9ef8e46214468065f5c9a0c1c67) Importer(815301076,1909f56bfc062723c751e8b465ee728b)  -> (artifact id: '90400e447ec4cbebd18b5ca0c9318923') in 0.012474 seconds
  Import took 0.014799 seconds .

========================================================================
Received Import Request.
  Time since last request: 0.001497 seconds.
  path: Assets/PlayerScript.cs
  artifactKey: Guid(f640f9ef8e46214468065f5c9a0c1c67) Importer(815301076,1909f56bfc062723c751e8b465ee728b)
Start importing Assets/PlayerScript.cs using Guid(f640f9ef8e46214468065f5c9a0c1c67) Importer(815301076,1909f56bfc062723c751e8b465ee728b)  -> (artifact id: '90400e447ec4cbebd18b5ca0c9318923') in 0.002856 seconds
  Import took 0.004926 seconds .

========================================================================
Received Import Request.
  Time since last request: 18.903498 seconds.
  path: Assets/Walking.controller
  artifactKey: Guid(b9e428965b28d8c4e9c6cc46be6c864b) Importer(815301076,1909f56bfc062723c751e8b465ee728b)
Start importing Assets/Walking.controller using Guid(b9e428965b28d8c4e9c6cc46be6c864b) Importer(815301076,1909f56bfc062723c751e8b465ee728b)  -> (artifact id: '768cf5ecae880a49b0cd18bd3b171c78') in 0.028865 seconds
  Import took 0.033447 seconds .

========================================================================
Received Prepare
Registering precompiled user dll's ...
Registered in 0.001123 seconds.
Begin MonoManager ReloadAssembly
Native extension for WindowsStandalone target not found
Refreshing native plugins compatible for Editor in 0.20 ms, found 0 plugins.
Preloading 0 native plugins for Editor in 0.00 ms.
Mono: successfully reloaded assembly
- Completed reload, in  0.780 seconds
Platform modules already initialized, skipping
Refreshing native plugins compatible for Editor in 0.33 ms, found 0 plugins.
Preloading 0 native plugins for Editor in 0.00 ms.
Unloading 1111 Unused Serialized files (Serialized files now loaded: 0)
System memory in use before: 60.5 MB.
System memory in use after: 60.5 MB.

Unloading 5 unused Assets to reduce memory usage. Loaded Objects now: 1601.
Total: 2.864700 ms (FindLiveObjects: 0.265800 ms CreateObjectMapping: 0.087000 ms MarkObjects: 2.459000 ms  DeleteObjects: 0.051400 ms)

